CRITICAL - 2023-03-14 07:33:23 --> Undefined constant "CodeIgniter\Database\MySQLi\MYSQLI_STORE_RESULT"
in SYSTEMPATH/Database/Database.php on line 139.
 1 SYSTEMPATH/Database/Database.php(56): CodeIgniter\Database\Database->initDriver()
 2 SYSTEMPATH/Database/Config.php(82): CodeIgniter\Database\Database->load()
 3 SYSTEMPATH/Common.php(362): CodeIgniter\Database\Config::connect()
 4 SYSTEMPATH/Database/MigrationRunner.php(151): db_connect()
 5 SYSTEMPATH/Config/Services.php(411): CodeIgniter\Database\MigrationRunner->__construct()
 6 SYSTEMPATH/Config/BaseService.php(252): CodeIgniter\Config\Services::migrations()
 7 SYSTEMPATH/Config/BaseService.php(193): CodeIgniter\Config\BaseService::__callStatic()
 8 SYSTEMPATH/Config/Services.php(406): CodeIgniter\Config\BaseService::getSharedInstance()
 9 SYSTEMPATH/Config/BaseService.php(252): CodeIgniter\Config\Services::migrations()
10 SYSTEMPATH/Commands/Database/Migrate.php(69): CodeIgniter\Config\BaseService::__callStatic()
11 SYSTEMPATH/CLI/Commands.php(65): CodeIgniter\Commands\Database\Migrate->run()
12 SYSTEMPATH/CLI/Console.php(37): CodeIgniter\CLI\Commands->run()
13 ROOTPATH/spark(97): CodeIgniter\CLI\Console->run()
CRITICAL - 2023-03-14 07:36:15 --> Undefined constant "CodeIgniter\Database\MySQLi\MYSQLI_STORE_RESULT"
in SYSTEMPATH/Database/Database.php on line 139.
 1 SYSTEMPATH/Database/Database.php(56): CodeIgniter\Database\Database->initDriver()
 2 SYSTEMPATH/Database/Config.php(82): CodeIgniter\Database\Database->load()
 3 SYSTEMPATH/Common.php(362): CodeIgniter\Database\Config::connect()
 4 SYSTEMPATH/Database/MigrationRunner.php(151): db_connect()
 5 SYSTEMPATH/Config/Services.php(411): CodeIgniter\Database\MigrationRunner->__construct()
 6 SYSTEMPATH/Config/BaseService.php(252): CodeIgniter\Config\Services::migrations()
 7 SYSTEMPATH/Config/BaseService.php(193): CodeIgniter\Config\BaseService::__callStatic()
 8 SYSTEMPATH/Config/Services.php(406): CodeIgniter\Config\BaseService::getSharedInstance()
 9 SYSTEMPATH/Config/BaseService.php(252): CodeIgniter\Config\Services::migrations()
10 SYSTEMPATH/Commands/Database/Migrate.php(69): CodeIgniter\Config\BaseService::__callStatic()
11 SYSTEMPATH/CLI/Commands.php(65): CodeIgniter\Commands\Database\Migrate->run()
12 SYSTEMPATH/CLI/Console.php(37): CodeIgniter\CLI\Commands->run()
13 ROOTPATH/spark(97): CodeIgniter\CLI\Console->run()
CRITICAL - 2023-03-14 07:39:19 --> Undefined constant "CodeIgniter\Database\MySQLi\MYSQLI_STORE_RESULT"
in SYSTEMPATH/Database/Database.php on line 139.
 1 SYSTEMPATH/Database/Database.php(56): CodeIgniter\Database\Database->initDriver()
 2 SYSTEMPATH/Database/Config.php(82): CodeIgniter\Database\Database->load()
 3 SYSTEMPATH/Common.php(362): CodeIgniter\Database\Config::connect()
 4 SYSTEMPATH/Database/MigrationRunner.php(151): db_connect()
 5 SYSTEMPATH/Config/Services.php(411): CodeIgniter\Database\MigrationRunner->__construct()
 6 SYSTEMPATH/Config/BaseService.php(252): CodeIgniter\Config\Services::migrations()
 7 SYSTEMPATH/Config/BaseService.php(193): CodeIgniter\Config\BaseService::__callStatic()
 8 SYSTEMPATH/Config/Services.php(406): CodeIgniter\Config\BaseService::getSharedInstance()
 9 SYSTEMPATH/Config/BaseService.php(252): CodeIgniter\Config\Services::migrations()
10 SYSTEMPATH/Commands/Database/Migrate.php(69): CodeIgniter\Config\BaseService::__callStatic()
11 SYSTEMPATH/CLI/Commands.php(65): CodeIgniter\Commands\Database\Migrate->run()
12 SYSTEMPATH/CLI/Console.php(37): CodeIgniter\CLI\Commands->run()
13 ROOTPATH/spark(97): CodeIgniter\CLI\Console->run()
ERROR - 2023-03-14 07:43:40 --> Error connecting to the database: mysqli_sql_exception: No such file or directory in /opt/lampp/htdocs/codeigniter4/system/Database/MySQLi/Connection.php:174
Stack trace:
#0 /opt/lampp/htdocs/codeigniter4/system/Database/MySQLi/Connection.php(174): mysqli->real_connect()
#1 /opt/lampp/htdocs/codeigniter4/system/Database/BaseConnection.php(391): CodeIgniter\Database\MySQLi\Connection->connect()
#2 /opt/lampp/htdocs/codeigniter4/system/Database/BaseConnection.php(573): CodeIgniter\Database\BaseConnection->initialize()
#3 /opt/lampp/htdocs/codeigniter4/system/Database/BaseConnection.php(1408): CodeIgniter\Database\BaseConnection->query()
#4 /opt/lampp/htdocs/codeigniter4/system/Database/BaseConnection.php(1427): CodeIgniter\Database\BaseConnection->listTables()
#5 /opt/lampp/htdocs/codeigniter4/system/Database/MigrationRunner.php(768): CodeIgniter\Database\BaseConnection->tableExists()
#6 /opt/lampp/htdocs/codeigniter4/system/Database/MigrationRunner.php(168): CodeIgniter\Database\MigrationRunner->ensureTable()
#7 /opt/lampp/htdocs/codeigniter4/system/Commands/Database/Migrate.php(84): CodeIgniter\Database\MigrationRunner->latest()
#8 /opt/lampp/htdocs/codeigniter4/system/CLI/Commands.php(65): CodeIgniter\Commands\Database\Migrate->run()
#9 /opt/lampp/htdocs/codeigniter4/system/CLI/Console.php(37): CodeIgniter\CLI\Commands->run()
#10 /opt/lampp/htdocs/codeigniter4/spark(97): CodeIgniter\CLI\Console->run()
#11 {main}

Next CodeIgniter\Database\Exceptions\DatabaseException: No such file or directory in /opt/lampp/htdocs/codeigniter4/system/Database/MySQLi/Connection.php:218
Stack trace:
#0 /opt/lampp/htdocs/codeigniter4/system/Database/BaseConnection.php(391): CodeIgniter\Database\MySQLi\Connection->connect()
#1 /opt/lampp/htdocs/codeigniter4/system/Database/BaseConnection.php(573): CodeIgniter\Database\BaseConnection->initialize()
#2 /opt/lampp/htdocs/codeigniter4/system/Database/BaseConnection.php(1408): CodeIgniter\Database\BaseConnection->query()
#3 /opt/lampp/htdocs/codeigniter4/system/Database/BaseConnection.php(1427): CodeIgniter\Database\BaseConnection->listTables()
#4 /opt/lampp/htdocs/codeigniter4/system/Database/MigrationRunner.php(768): CodeIgniter\Database\BaseConnection->tableExists()
#5 /opt/lampp/htdocs/codeigniter4/system/Database/MigrationRunner.php(168): CodeIgniter\Database\MigrationRunner->ensureTable()
#6 /opt/lampp/htdocs/codeigniter4/system/Commands/Database/Migrate.php(84): CodeIgniter\Database\MigrationRunner->latest()
#7 /opt/lampp/htdocs/codeigniter4/system/CLI/Commands.php(65): CodeIgniter\Commands\Database\Migrate->run()
#8 /opt/lampp/htdocs/codeigniter4/system/CLI/Console.php(37): CodeIgniter\CLI\Commands->run()
#9 /opt/lampp/htdocs/codeigniter4/spark(97): CodeIgniter\CLI\Console->run()
#10 {main}
ERROR - 2023-03-14 07:44:24 --> Error connecting to the database: mysqli_sql_exception: No such file or directory in /opt/lampp/htdocs/codeigniter4/system/Database/MySQLi/Connection.php:174
Stack trace:
#0 /opt/lampp/htdocs/codeigniter4/system/Database/MySQLi/Connection.php(174): mysqli->real_connect()
#1 /opt/lampp/htdocs/codeigniter4/system/Database/BaseConnection.php(391): CodeIgniter\Database\MySQLi\Connection->connect()
#2 /opt/lampp/htdocs/codeigniter4/system/Database/BaseConnection.php(573): CodeIgniter\Database\BaseConnection->initialize()
#3 /opt/lampp/htdocs/codeigniter4/system/Database/BaseConnection.php(1408): CodeIgniter\Database\BaseConnection->query()
#4 /opt/lampp/htdocs/codeigniter4/system/Database/BaseConnection.php(1427): CodeIgniter\Database\BaseConnection->listTables()
#5 /opt/lampp/htdocs/codeigniter4/system/Database/MigrationRunner.php(768): CodeIgniter\Database\BaseConnection->tableExists()
#6 /opt/lampp/htdocs/codeigniter4/system/Database/MigrationRunner.php(168): CodeIgniter\Database\MigrationRunner->ensureTable()
#7 /opt/lampp/htdocs/codeigniter4/system/Commands/Database/Migrate.php(84): CodeIgniter\Database\MigrationRunner->latest()
#8 /opt/lampp/htdocs/codeigniter4/system/CLI/Commands.php(65): CodeIgniter\Commands\Database\Migrate->run()
#9 /opt/lampp/htdocs/codeigniter4/system/CLI/Console.php(37): CodeIgniter\CLI\Commands->run()
#10 /opt/lampp/htdocs/codeigniter4/spark(97): CodeIgniter\CLI\Console->run()
#11 {main}

Next CodeIgniter\Database\Exceptions\DatabaseException: No such file or directory in /opt/lampp/htdocs/codeigniter4/system/Database/MySQLi/Connection.php:218
Stack trace:
#0 /opt/lampp/htdocs/codeigniter4/system/Database/BaseConnection.php(391): CodeIgniter\Database\MySQLi\Connection->connect()
#1 /opt/lampp/htdocs/codeigniter4/system/Database/BaseConnection.php(573): CodeIgniter\Database\BaseConnection->initialize()
#2 /opt/lampp/htdocs/codeigniter4/system/Database/BaseConnection.php(1408): CodeIgniter\Database\BaseConnection->query()
#3 /opt/lampp/htdocs/codeigniter4/system/Database/BaseConnection.php(1427): CodeIgniter\Database\BaseConnection->listTables()
#4 /opt/lampp/htdocs/codeigniter4/system/Database/MigrationRunner.php(768): CodeIgniter\Database\BaseConnection->tableExists()
#5 /opt/lampp/htdocs/codeigniter4/system/Database/MigrationRunner.php(168): CodeIgniter\Database\MigrationRunner->ensureTable()
#6 /opt/lampp/htdocs/codeigniter4/system/Commands/Database/Migrate.php(84): CodeIgniter\Database\MigrationRunner->latest()
#7 /opt/lampp/htdocs/codeigniter4/system/CLI/Commands.php(65): CodeIgniter\Commands\Database\Migrate->run()
#8 /opt/lampp/htdocs/codeigniter4/system/CLI/Console.php(37): CodeIgniter\CLI\Commands->run()
#9 /opt/lampp/htdocs/codeigniter4/spark(97): CodeIgniter\CLI\Console->run()
#10 {main}
ERROR - 2023-03-14 07:51:03 --> Error connecting to the database: mysqli_sql_exception: No such file or directory in /opt/lampp/htdocs/codeigniter4/system/Database/MySQLi/Connection.php:174
Stack trace:
#0 /opt/lampp/htdocs/codeigniter4/system/Database/MySQLi/Connection.php(174): mysqli->real_connect()
#1 /opt/lampp/htdocs/codeigniter4/system/Database/BaseConnection.php(391): CodeIgniter\Database\MySQLi\Connection->connect()
#2 /opt/lampp/htdocs/codeigniter4/system/Database/BaseConnection.php(573): CodeIgniter\Database\BaseConnection->initialize()
#3 /opt/lampp/htdocs/codeigniter4/system/Database/BaseConnection.php(1408): CodeIgniter\Database\BaseConnection->query()
#4 /opt/lampp/htdocs/codeigniter4/system/Database/BaseConnection.php(1427): CodeIgniter\Database\BaseConnection->listTables()
#5 /opt/lampp/htdocs/codeigniter4/system/Database/MigrationRunner.php(768): CodeIgniter\Database\BaseConnection->tableExists()
#6 /opt/lampp/htdocs/codeigniter4/system/Database/MigrationRunner.php(168): CodeIgniter\Database\MigrationRunner->ensureTable()
#7 /opt/lampp/htdocs/codeigniter4/system/Commands/Database/Migrate.php(84): CodeIgniter\Database\MigrationRunner->latest()
#8 /opt/lampp/htdocs/codeigniter4/system/CLI/Commands.php(65): CodeIgniter\Commands\Database\Migrate->run()
#9 /opt/lampp/htdocs/codeigniter4/system/CLI/Console.php(37): CodeIgniter\CLI\Commands->run()
#10 /opt/lampp/htdocs/codeigniter4/spark(97): CodeIgniter\CLI\Console->run()
#11 {main}

Next CodeIgniter\Database\Exceptions\DatabaseException: No such file or directory in /opt/lampp/htdocs/codeigniter4/system/Database/MySQLi/Connection.php:218
Stack trace:
#0 /opt/lampp/htdocs/codeigniter4/system/Database/BaseConnection.php(391): CodeIgniter\Database\MySQLi\Connection->connect()
#1 /opt/lampp/htdocs/codeigniter4/system/Database/BaseConnection.php(573): CodeIgniter\Database\BaseConnection->initialize()
#2 /opt/lampp/htdocs/codeigniter4/system/Database/BaseConnection.php(1408): CodeIgniter\Database\BaseConnection->query()
#3 /opt/lampp/htdocs/codeigniter4/system/Database/BaseConnection.php(1427): CodeIgniter\Database\BaseConnection->listTables()
#4 /opt/lampp/htdocs/codeigniter4/system/Database/MigrationRunner.php(768): CodeIgniter\Database\BaseConnection->tableExists()
#5 /opt/lampp/htdocs/codeigniter4/system/Database/MigrationRunner.php(168): CodeIgniter\Database\MigrationRunner->ensureTable()
#6 /opt/lampp/htdocs/codeigniter4/system/Commands/Database/Migrate.php(84): CodeIgniter\Database\MigrationRunner->latest()
#7 /opt/lampp/htdocs/codeigniter4/system/CLI/Commands.php(65): CodeIgniter\Commands\Database\Migrate->run()
#8 /opt/lampp/htdocs/codeigniter4/system/CLI/Console.php(37): CodeIgniter\CLI\Commands->run()
#9 /opt/lampp/htdocs/codeigniter4/spark(97): CodeIgniter\CLI\Console->run()
#10 {main}
ERROR - 2023-03-14 07:54:23 --> Error connecting to the database: mysqli_sql_exception: No such file or directory in /opt/lampp/htdocs/codeigniter4/system/Database/MySQLi/Connection.php:174
Stack trace:
#0 /opt/lampp/htdocs/codeigniter4/system/Database/MySQLi/Connection.php(174): mysqli->real_connect()
#1 /opt/lampp/htdocs/codeigniter4/system/Database/BaseConnection.php(391): CodeIgniter\Database\MySQLi\Connection->connect()
#2 /opt/lampp/htdocs/codeigniter4/system/Database/BaseConnection.php(573): CodeIgniter\Database\BaseConnection->initialize()
#3 /opt/lampp/htdocs/codeigniter4/system/Database/BaseConnection.php(1408): CodeIgniter\Database\BaseConnection->query()
#4 /opt/lampp/htdocs/codeigniter4/system/Database/BaseConnection.php(1427): CodeIgniter\Database\BaseConnection->listTables()
#5 /opt/lampp/htdocs/codeigniter4/system/Database/MigrationRunner.php(768): CodeIgniter\Database\BaseConnection->tableExists()
#6 /opt/lampp/htdocs/codeigniter4/system/Database/MigrationRunner.php(168): CodeIgniter\Database\MigrationRunner->ensureTable()
#7 /opt/lampp/htdocs/codeigniter4/system/Commands/Database/Migrate.php(84): CodeIgniter\Database\MigrationRunner->latest()
#8 /opt/lampp/htdocs/codeigniter4/system/CLI/Commands.php(65): CodeIgniter\Commands\Database\Migrate->run()
#9 /opt/lampp/htdocs/codeigniter4/system/CLI/Console.php(37): CodeIgniter\CLI\Commands->run()
#10 /opt/lampp/htdocs/codeigniter4/spark(97): CodeIgniter\CLI\Console->run()
#11 {main}

Next CodeIgniter\Database\Exceptions\DatabaseException: No such file or directory in /opt/lampp/htdocs/codeigniter4/system/Database/MySQLi/Connection.php:218
Stack trace:
#0 /opt/lampp/htdocs/codeigniter4/system/Database/BaseConnection.php(391): CodeIgniter\Database\MySQLi\Connection->connect()
#1 /opt/lampp/htdocs/codeigniter4/system/Database/BaseConnection.php(573): CodeIgniter\Database\BaseConnection->initialize()
#2 /opt/lampp/htdocs/codeigniter4/system/Database/BaseConnection.php(1408): CodeIgniter\Database\BaseConnection->query()
#3 /opt/lampp/htdocs/codeigniter4/system/Database/BaseConnection.php(1427): CodeIgniter\Database\BaseConnection->listTables()
#4 /opt/lampp/htdocs/codeigniter4/system/Database/MigrationRunner.php(768): CodeIgniter\Database\BaseConnection->tableExists()
#5 /opt/lampp/htdocs/codeigniter4/system/Database/MigrationRunner.php(168): CodeIgniter\Database\MigrationRunner->ensureTable()
#6 /opt/lampp/htdocs/codeigniter4/system/Commands/Database/Migrate.php(84): CodeIgniter\Database\MigrationRunner->latest()
#7 /opt/lampp/htdocs/codeigniter4/system/CLI/Commands.php(65): CodeIgniter\Commands\Database\Migrate->run()
#8 /opt/lampp/htdocs/codeigniter4/system/CLI/Console.php(37): CodeIgniter\CLI\Commands->run()
#9 /opt/lampp/htdocs/codeigniter4/spark(97): CodeIgniter\CLI\Console->run()
#10 {main}
ERROR - 2023-03-14 07:56:58 --> Error connecting to the database: mysqli_sql_exception: No such file or directory in /opt/lampp/htdocs/codeigniter4/system/Database/MySQLi/Connection.php:174
Stack trace:
#0 /opt/lampp/htdocs/codeigniter4/system/Database/MySQLi/Connection.php(174): mysqli->real_connect()
#1 /opt/lampp/htdocs/codeigniter4/system/Database/BaseConnection.php(391): CodeIgniter\Database\MySQLi\Connection->connect()
#2 /opt/lampp/htdocs/codeigniter4/system/Database/BaseConnection.php(573): CodeIgniter\Database\BaseConnection->initialize()
#3 /opt/lampp/htdocs/codeigniter4/system/Database/BaseConnection.php(1408): CodeIgniter\Database\BaseConnection->query()
#4 /opt/lampp/htdocs/codeigniter4/system/Database/BaseConnection.php(1427): CodeIgniter\Database\BaseConnection->listTables()
#5 /opt/lampp/htdocs/codeigniter4/system/Database/MigrationRunner.php(768): CodeIgniter\Database\BaseConnection->tableExists()
#6 /opt/lampp/htdocs/codeigniter4/system/Database/MigrationRunner.php(168): CodeIgniter\Database\MigrationRunner->ensureTable()
#7 /opt/lampp/htdocs/codeigniter4/system/Commands/Database/Migrate.php(84): CodeIgniter\Database\MigrationRunner->latest()
#8 /opt/lampp/htdocs/codeigniter4/system/CLI/Commands.php(65): CodeIgniter\Commands\Database\Migrate->run()
#9 /opt/lampp/htdocs/codeigniter4/system/CLI/Console.php(37): CodeIgniter\CLI\Commands->run()
#10 /opt/lampp/htdocs/codeigniter4/spark(97): CodeIgniter\CLI\Console->run()
#11 {main}

Next CodeIgniter\Database\Exceptions\DatabaseException: No such file or directory in /opt/lampp/htdocs/codeigniter4/system/Database/MySQLi/Connection.php:218
Stack trace:
#0 /opt/lampp/htdocs/codeigniter4/system/Database/BaseConnection.php(391): CodeIgniter\Database\MySQLi\Connection->connect()
#1 /opt/lampp/htdocs/codeigniter4/system/Database/BaseConnection.php(573): CodeIgniter\Database\BaseConnection->initialize()
#2 /opt/lampp/htdocs/codeigniter4/system/Database/BaseConnection.php(1408): CodeIgniter\Database\BaseConnection->query()
#3 /opt/lampp/htdocs/codeigniter4/system/Database/BaseConnection.php(1427): CodeIgniter\Database\BaseConnection->listTables()
#4 /opt/lampp/htdocs/codeigniter4/system/Database/MigrationRunner.php(768): CodeIgniter\Database\BaseConnection->tableExists()
#5 /opt/lampp/htdocs/codeigniter4/system/Database/MigrationRunner.php(168): CodeIgniter\Database\MigrationRunner->ensureTable()
#6 /opt/lampp/htdocs/codeigniter4/system/Commands/Database/Migrate.php(84): CodeIgniter\Database\MigrationRunner->latest()
#7 /opt/lampp/htdocs/codeigniter4/system/CLI/Commands.php(65): CodeIgniter\Commands\Database\Migrate->run()
#8 /opt/lampp/htdocs/codeigniter4/system/CLI/Console.php(37): CodeIgniter\CLI\Commands->run()
#9 /opt/lampp/htdocs/codeigniter4/spark(97): CodeIgniter\CLI\Console->run()
#10 {main}
ERROR - 2023-03-14 08:00:01 --> Error connecting to the database: mysqli_sql_exception: No such file or directory in /opt/lampp/htdocs/codeigniter4/system/Database/MySQLi/Connection.php:174
Stack trace:
#0 /opt/lampp/htdocs/codeigniter4/system/Database/MySQLi/Connection.php(174): mysqli->real_connect()
#1 /opt/lampp/htdocs/codeigniter4/system/Database/BaseConnection.php(391): CodeIgniter\Database\MySQLi\Connection->connect()
#2 /opt/lampp/htdocs/codeigniter4/system/Database/BaseConnection.php(573): CodeIgniter\Database\BaseConnection->initialize()
#3 /opt/lampp/htdocs/codeigniter4/system/Database/BaseConnection.php(1408): CodeIgniter\Database\BaseConnection->query()
#4 /opt/lampp/htdocs/codeigniter4/system/Database/BaseConnection.php(1427): CodeIgniter\Database\BaseConnection->listTables()
#5 /opt/lampp/htdocs/codeigniter4/system/Database/MigrationRunner.php(768): CodeIgniter\Database\BaseConnection->tableExists()
#6 /opt/lampp/htdocs/codeigniter4/system/Database/MigrationRunner.php(168): CodeIgniter\Database\MigrationRunner->ensureTable()
#7 /opt/lampp/htdocs/codeigniter4/system/Commands/Database/Migrate.php(84): CodeIgniter\Database\MigrationRunner->latest()
#8 /opt/lampp/htdocs/codeigniter4/system/CLI/Commands.php(65): CodeIgniter\Commands\Database\Migrate->run()
#9 /opt/lampp/htdocs/codeigniter4/system/CLI/Console.php(37): CodeIgniter\CLI\Commands->run()
#10 /opt/lampp/htdocs/codeigniter4/spark(97): CodeIgniter\CLI\Console->run()
#11 {main}

Next CodeIgniter\Database\Exceptions\DatabaseException: No such file or directory in /opt/lampp/htdocs/codeigniter4/system/Database/MySQLi/Connection.php:218
Stack trace:
#0 /opt/lampp/htdocs/codeigniter4/system/Database/BaseConnection.php(391): CodeIgniter\Database\MySQLi\Connection->connect()
#1 /opt/lampp/htdocs/codeigniter4/system/Database/BaseConnection.php(573): CodeIgniter\Database\BaseConnection->initialize()
#2 /opt/lampp/htdocs/codeigniter4/system/Database/BaseConnection.php(1408): CodeIgniter\Database\BaseConnection->query()
#3 /opt/lampp/htdocs/codeigniter4/system/Database/BaseConnection.php(1427): CodeIgniter\Database\BaseConnection->listTables()
#4 /opt/lampp/htdocs/codeigniter4/system/Database/MigrationRunner.php(768): CodeIgniter\Database\BaseConnection->tableExists()
#5 /opt/lampp/htdocs/codeigniter4/system/Database/MigrationRunner.php(168): CodeIgniter\Database\MigrationRunner->ensureTable()
#6 /opt/lampp/htdocs/codeigniter4/system/Commands/Database/Migrate.php(84): CodeIgniter\Database\MigrationRunner->latest()
#7 /opt/lampp/htdocs/codeigniter4/system/CLI/Commands.php(65): CodeIgniter\Commands\Database\Migrate->run()
#8 /opt/lampp/htdocs/codeigniter4/system/CLI/Console.php(37): CodeIgniter\CLI\Commands->run()
#9 /opt/lampp/htdocs/codeigniter4/spark(97): CodeIgniter\CLI\Console->run()
#10 {main}
ERROR - 2023-03-14 08:00:34 --> Error connecting to the database: mysqli_sql_exception: No such file or directory in /opt/lampp/htdocs/codeigniter4/system/Database/MySQLi/Connection.php:174
Stack trace:
#0 /opt/lampp/htdocs/codeigniter4/system/Database/MySQLi/Connection.php(174): mysqli->real_connect()
#1 /opt/lampp/htdocs/codeigniter4/system/Database/BaseConnection.php(391): CodeIgniter\Database\MySQLi\Connection->connect()
#2 /opt/lampp/htdocs/codeigniter4/system/Database/BaseConnection.php(573): CodeIgniter\Database\BaseConnection->initialize()
#3 /opt/lampp/htdocs/codeigniter4/system/Database/BaseConnection.php(1408): CodeIgniter\Database\BaseConnection->query()
#4 /opt/lampp/htdocs/codeigniter4/system/Database/BaseConnection.php(1427): CodeIgniter\Database\BaseConnection->listTables()
#5 /opt/lampp/htdocs/codeigniter4/system/Database/MigrationRunner.php(768): CodeIgniter\Database\BaseConnection->tableExists()
#6 /opt/lampp/htdocs/codeigniter4/system/Database/MigrationRunner.php(168): CodeIgniter\Database\MigrationRunner->ensureTable()
#7 /opt/lampp/htdocs/codeigniter4/system/Commands/Database/Migrate.php(84): CodeIgniter\Database\MigrationRunner->latest()
#8 /opt/lampp/htdocs/codeigniter4/system/CLI/Commands.php(65): CodeIgniter\Commands\Database\Migrate->run()
#9 /opt/lampp/htdocs/codeigniter4/system/CLI/Console.php(37): CodeIgniter\CLI\Commands->run()
#10 /opt/lampp/htdocs/codeigniter4/spark(97): CodeIgniter\CLI\Console->run()
#11 {main}

Next CodeIgniter\Database\Exceptions\DatabaseException: No such file or directory in /opt/lampp/htdocs/codeigniter4/system/Database/MySQLi/Connection.php:218
Stack trace:
#0 /opt/lampp/htdocs/codeigniter4/system/Database/BaseConnection.php(391): CodeIgniter\Database\MySQLi\Connection->connect()
#1 /opt/lampp/htdocs/codeigniter4/system/Database/BaseConnection.php(573): CodeIgniter\Database\BaseConnection->initialize()
#2 /opt/lampp/htdocs/codeigniter4/system/Database/BaseConnection.php(1408): CodeIgniter\Database\BaseConnection->query()
#3 /opt/lampp/htdocs/codeigniter4/system/Database/BaseConnection.php(1427): CodeIgniter\Database\BaseConnection->listTables()
#4 /opt/lampp/htdocs/codeigniter4/system/Database/MigrationRunner.php(768): CodeIgniter\Database\BaseConnection->tableExists()
#5 /opt/lampp/htdocs/codeigniter4/system/Database/MigrationRunner.php(168): CodeIgniter\Database\MigrationRunner->ensureTable()
#6 /opt/lampp/htdocs/codeigniter4/system/Commands/Database/Migrate.php(84): CodeIgniter\Database\MigrationRunner->latest()
#7 /opt/lampp/htdocs/codeigniter4/system/CLI/Commands.php(65): CodeIgniter\Commands\Database\Migrate->run()
#8 /opt/lampp/htdocs/codeigniter4/system/CLI/Console.php(37): CodeIgniter\CLI\Commands->run()
#9 /opt/lampp/htdocs/codeigniter4/spark(97): CodeIgniter\CLI\Console->run()
#10 {main}
ERROR - 2023-03-14 08:02:18 --> Error connecting to the database: mysqli_sql_exception: No such file or directory in /opt/lampp/htdocs/codeigniter4/system/Database/MySQLi/Connection.php:174
Stack trace:
#0 /opt/lampp/htdocs/codeigniter4/system/Database/MySQLi/Connection.php(174): mysqli->real_connect()
#1 /opt/lampp/htdocs/codeigniter4/system/Database/BaseConnection.php(391): CodeIgniter\Database\MySQLi\Connection->connect()
#2 /opt/lampp/htdocs/codeigniter4/system/Database/BaseConnection.php(573): CodeIgniter\Database\BaseConnection->initialize()
#3 /opt/lampp/htdocs/codeigniter4/system/Database/BaseConnection.php(1408): CodeIgniter\Database\BaseConnection->query()
#4 /opt/lampp/htdocs/codeigniter4/system/Database/BaseConnection.php(1427): CodeIgniter\Database\BaseConnection->listTables()
#5 /opt/lampp/htdocs/codeigniter4/system/Database/MigrationRunner.php(768): CodeIgniter\Database\BaseConnection->tableExists()
#6 /opt/lampp/htdocs/codeigniter4/system/Database/MigrationRunner.php(168): CodeIgniter\Database\MigrationRunner->ensureTable()
#7 /opt/lampp/htdocs/codeigniter4/system/Commands/Database/Migrate.php(84): CodeIgniter\Database\MigrationRunner->latest()
#8 /opt/lampp/htdocs/codeigniter4/system/CLI/Commands.php(65): CodeIgniter\Commands\Database\Migrate->run()
#9 /opt/lampp/htdocs/codeigniter4/system/CLI/Console.php(37): CodeIgniter\CLI\Commands->run()
#10 /opt/lampp/htdocs/codeigniter4/spark(97): CodeIgniter\CLI\Console->run()
#11 {main}

Next CodeIgniter\Database\Exceptions\DatabaseException: No such file or directory in /opt/lampp/htdocs/codeigniter4/system/Database/MySQLi/Connection.php:218
Stack trace:
#0 /opt/lampp/htdocs/codeigniter4/system/Database/BaseConnection.php(391): CodeIgniter\Database\MySQLi\Connection->connect()
#1 /opt/lampp/htdocs/codeigniter4/system/Database/BaseConnection.php(573): CodeIgniter\Database\BaseConnection->initialize()
#2 /opt/lampp/htdocs/codeigniter4/system/Database/BaseConnection.php(1408): CodeIgniter\Database\BaseConnection->query()
#3 /opt/lampp/htdocs/codeigniter4/system/Database/BaseConnection.php(1427): CodeIgniter\Database\BaseConnection->listTables()
#4 /opt/lampp/htdocs/codeigniter4/system/Database/MigrationRunner.php(768): CodeIgniter\Database\BaseConnection->tableExists()
#5 /opt/lampp/htdocs/codeigniter4/system/Database/MigrationRunner.php(168): CodeIgniter\Database\MigrationRunner->ensureTable()
#6 /opt/lampp/htdocs/codeigniter4/system/Commands/Database/Migrate.php(84): CodeIgniter\Database\MigrationRunner->latest()
#7 /opt/lampp/htdocs/codeigniter4/system/CLI/Commands.php(65): CodeIgniter\Commands\Database\Migrate->run()
#8 /opt/lampp/htdocs/codeigniter4/system/CLI/Console.php(37): CodeIgniter\CLI\Commands->run()
#9 /opt/lampp/htdocs/codeigniter4/spark(97): CodeIgniter\CLI\Console->run()
#10 {main}
ERROR - 2023-03-14 08:07:21 --> Error connecting to the database: mysqli_sql_exception: No such file or directory in /opt/lampp/htdocs/codeigniter4/system/Database/MySQLi/Connection.php:174
Stack trace:
#0 /opt/lampp/htdocs/codeigniter4/system/Database/MySQLi/Connection.php(174): mysqli->real_connect()
#1 /opt/lampp/htdocs/codeigniter4/system/Database/BaseConnection.php(391): CodeIgniter\Database\MySQLi\Connection->connect()
#2 /opt/lampp/htdocs/codeigniter4/system/Database/BaseConnection.php(573): CodeIgniter\Database\BaseConnection->initialize()
#3 /opt/lampp/htdocs/codeigniter4/system/Database/BaseConnection.php(1408): CodeIgniter\Database\BaseConnection->query()
#4 /opt/lampp/htdocs/codeigniter4/system/Database/BaseConnection.php(1427): CodeIgniter\Database\BaseConnection->listTables()
#5 /opt/lampp/htdocs/codeigniter4/system/Database/MigrationRunner.php(768): CodeIgniter\Database\BaseConnection->tableExists()
#6 /opt/lampp/htdocs/codeigniter4/system/Database/MigrationRunner.php(168): CodeIgniter\Database\MigrationRunner->ensureTable()
#7 /opt/lampp/htdocs/codeigniter4/system/Commands/Database/Migrate.php(84): CodeIgniter\Database\MigrationRunner->latest()
#8 /opt/lampp/htdocs/codeigniter4/system/CLI/Commands.php(65): CodeIgniter\Commands\Database\Migrate->run()
#9 /opt/lampp/htdocs/codeigniter4/system/CLI/Console.php(37): CodeIgniter\CLI\Commands->run()
#10 /opt/lampp/htdocs/codeigniter4/spark(97): CodeIgniter\CLI\Console->run()
#11 {main}

Next CodeIgniter\Database\Exceptions\DatabaseException: No such file or directory in /opt/lampp/htdocs/codeigniter4/system/Database/MySQLi/Connection.php:218
Stack trace:
#0 /opt/lampp/htdocs/codeigniter4/system/Database/BaseConnection.php(391): CodeIgniter\Database\MySQLi\Connection->connect()
#1 /opt/lampp/htdocs/codeigniter4/system/Database/BaseConnection.php(573): CodeIgniter\Database\BaseConnection->initialize()
#2 /opt/lampp/htdocs/codeigniter4/system/Database/BaseConnection.php(1408): CodeIgniter\Database\BaseConnection->query()
#3 /opt/lampp/htdocs/codeigniter4/system/Database/BaseConnection.php(1427): CodeIgniter\Database\BaseConnection->listTables()
#4 /opt/lampp/htdocs/codeigniter4/system/Database/MigrationRunner.php(768): CodeIgniter\Database\BaseConnection->tableExists()
#5 /opt/lampp/htdocs/codeigniter4/system/Database/MigrationRunner.php(168): CodeIgniter\Database\MigrationRunner->ensureTable()
#6 /opt/lampp/htdocs/codeigniter4/system/Commands/Database/Migrate.php(84): CodeIgniter\Database\MigrationRunner->latest()
#7 /opt/lampp/htdocs/codeigniter4/system/CLI/Commands.php(65): CodeIgniter\Commands\Database\Migrate->run()
#8 /opt/lampp/htdocs/codeigniter4/system/CLI/Console.php(37): CodeIgniter\CLI\Commands->run()
#9 /opt/lampp/htdocs/codeigniter4/spark(97): CodeIgniter\CLI\Console->run()
#10 {main}
ERROR - 2023-03-14 08:15:09 --> Error connecting to the database: mysqli_sql_exception: No such file or directory in /opt/lampp/htdocs/codeigniter4/system/Database/MySQLi/Connection.php:174
Stack trace:
#0 /opt/lampp/htdocs/codeigniter4/system/Database/MySQLi/Connection.php(174): mysqli->real_connect()
#1 /opt/lampp/htdocs/codeigniter4/system/Database/BaseConnection.php(391): CodeIgniter\Database\MySQLi\Connection->connect()
#2 /opt/lampp/htdocs/codeigniter4/system/Database/BaseConnection.php(573): CodeIgniter\Database\BaseConnection->initialize()
#3 /opt/lampp/htdocs/codeigniter4/system/Database/BaseConnection.php(1408): CodeIgniter\Database\BaseConnection->query()
#4 /opt/lampp/htdocs/codeigniter4/system/Database/BaseConnection.php(1427): CodeIgniter\Database\BaseConnection->listTables()
#5 /opt/lampp/htdocs/codeigniter4/system/Database/MigrationRunner.php(768): CodeIgniter\Database\BaseConnection->tableExists()
#6 /opt/lampp/htdocs/codeigniter4/system/Database/MigrationRunner.php(168): CodeIgniter\Database\MigrationRunner->ensureTable()
#7 /opt/lampp/htdocs/codeigniter4/system/Commands/Database/Migrate.php(84): CodeIgniter\Database\MigrationRunner->latest()
#8 /opt/lampp/htdocs/codeigniter4/system/CLI/Commands.php(65): CodeIgniter\Commands\Database\Migrate->run()
#9 /opt/lampp/htdocs/codeigniter4/system/CLI/Console.php(37): CodeIgniter\CLI\Commands->run()
#10 /opt/lampp/htdocs/codeigniter4/spark(97): CodeIgniter\CLI\Console->run()
#11 {main}

Next CodeIgniter\Database\Exceptions\DatabaseException: No such file or directory in /opt/lampp/htdocs/codeigniter4/system/Database/MySQLi/Connection.php:218
Stack trace:
#0 /opt/lampp/htdocs/codeigniter4/system/Database/BaseConnection.php(391): CodeIgniter\Database\MySQLi\Connection->connect()
#1 /opt/lampp/htdocs/codeigniter4/system/Database/BaseConnection.php(573): CodeIgniter\Database\BaseConnection->initialize()
#2 /opt/lampp/htdocs/codeigniter4/system/Database/BaseConnection.php(1408): CodeIgniter\Database\BaseConnection->query()
#3 /opt/lampp/htdocs/codeigniter4/system/Database/BaseConnection.php(1427): CodeIgniter\Database\BaseConnection->listTables()
#4 /opt/lampp/htdocs/codeigniter4/system/Database/MigrationRunner.php(768): CodeIgniter\Database\BaseConnection->tableExists()
#5 /opt/lampp/htdocs/codeigniter4/system/Database/MigrationRunner.php(168): CodeIgniter\Database\MigrationRunner->ensureTable()
#6 /opt/lampp/htdocs/codeigniter4/system/Commands/Database/Migrate.php(84): CodeIgniter\Database\MigrationRunner->latest()
#7 /opt/lampp/htdocs/codeigniter4/system/CLI/Commands.php(65): CodeIgniter\Commands\Database\Migrate->run()
#8 /opt/lampp/htdocs/codeigniter4/system/CLI/Console.php(37): CodeIgniter\CLI\Commands->run()
#9 /opt/lampp/htdocs/codeigniter4/spark(97): CodeIgniter\CLI\Console->run()
#10 {main}
CRITICAL - 2023-03-14 08:57:55 --> Class "App\Controllers\PeliculaModel" not found
in APPPATH/Controllers/Pelicula.php on line 9.
 1 SYSTEMPATH/CodeIgniter.php(934): App\Controllers\Pelicula->index()
 2 SYSTEMPATH/CodeIgniter.php(499): CodeIgniter\CodeIgniter->runController()
 3 SYSTEMPATH/CodeIgniter.php(368): CodeIgniter\CodeIgniter->handleRequest()
 4 FCPATH/index.php(67): CodeIgniter\CodeIgniter->run()
 5 SYSTEMPATH/Commands/Server/rewrite.php(47): require_once('FCPATH/index.php')
CRITICAL - 2023-03-14 08:59:16 --> Class "App\Controllers\PeliculaModel" not found
in APPPATH/Controllers/Pelicula.php on line 9.
 1 SYSTEMPATH/CodeIgniter.php(934): App\Controllers\Pelicula->index()
 2 SYSTEMPATH/CodeIgniter.php(499): CodeIgniter\CodeIgniter->runController()
 3 SYSTEMPATH/CodeIgniter.php(368): CodeIgniter\CodeIgniter->handleRequest()
 4 FCPATH/index.php(67): CodeIgniter\CodeIgniter->run()
 5 SYSTEMPATH/Commands/Server/rewrite.php(47): require_once('FCPATH/index.php')
CRITICAL - 2023-03-14 09:00:05 --> Undefined constant "CodeIgniter\Database\MySQLi\MYSQLI_STORE_RESULT"
in SYSTEMPATH/Database/Database.php on line 139.
 1 SYSTEMPATH/Database/Database.php(56): CodeIgniter\Database\Database->initDriver()
 2 SYSTEMPATH/Database/Config.php(82): CodeIgniter\Database\Database->load()
 3 SYSTEMPATH/Model.php(155): CodeIgniter\Database\Config::connect()
 4 APPPATH/Controllers/Pelicula.php(11): CodeIgniter\Model->__construct()
 5 SYSTEMPATH/CodeIgniter.php(934): App\Controllers\Pelicula->index()
 6 SYSTEMPATH/CodeIgniter.php(499): CodeIgniter\CodeIgniter->runController()
 7 SYSTEMPATH/CodeIgniter.php(368): CodeIgniter\CodeIgniter->handleRequest()
 8 FCPATH/index.php(67): CodeIgniter\CodeIgniter->run()
 9 SYSTEMPATH/Commands/Server/rewrite.php(47): require_once('FCPATH/index.php')
CRITICAL - 2023-03-14 09:10:49 --> Undefined constant "CodeIgniter\Database\MySQLi\MYSQLI_STORE_RESULT"
in SYSTEMPATH/Database/Database.php on line 139.
 1 SYSTEMPATH/Database/Database.php(56): CodeIgniter\Database\Database->initDriver()
 2 SYSTEMPATH/Database/Config.php(82): CodeIgniter\Database\Database->load()
 3 SYSTEMPATH/Model.php(155): CodeIgniter\Database\Config::connect()
 4 APPPATH/Controllers/Pelicula.php(11): CodeIgniter\Model->__construct()
 5 SYSTEMPATH/CodeIgniter.php(934): App\Controllers\Pelicula->index()
 6 SYSTEMPATH/CodeIgniter.php(499): CodeIgniter\CodeIgniter->runController()
 7 SYSTEMPATH/CodeIgniter.php(368): CodeIgniter\CodeIgniter->handleRequest()
 8 FCPATH/index.php(67): CodeIgniter\CodeIgniter->run()
 9 SYSTEMPATH/Commands/Server/rewrite.php(47): require_once('FCPATH/index.php')
CRITICAL - 2023-03-14 09:10:49 --> Undefined constant "CodeIgniter\Database\MySQLi\MYSQLI_STORE_RESULT"
in SYSTEMPATH/Database/Database.php on line 139.
 1 SYSTEMPATH/Database/Database.php(56): CodeIgniter\Database\Database->initDriver()
 2 SYSTEMPATH/Database/Config.php(82): CodeIgniter\Database\Database->load()
 3 SYSTEMPATH/Model.php(155): CodeIgniter\Database\Config::connect()
 4 APPPATH/Controllers/Pelicula.php(11): CodeIgniter\Model->__construct()
 5 SYSTEMPATH/CodeIgniter.php(934): App\Controllers\Pelicula->index()
 6 SYSTEMPATH/CodeIgniter.php(499): CodeIgniter\CodeIgniter->runController()
 7 SYSTEMPATH/CodeIgniter.php(368): CodeIgniter\CodeIgniter->handleRequest()
 8 FCPATH/index.php(67): CodeIgniter\CodeIgniter->run()
 9 SYSTEMPATH/Commands/Server/rewrite.php(47): require_once('FCPATH/index.php')
CRITICAL - 2023-03-14 09:10:50 --> Undefined constant "CodeIgniter\Database\MySQLi\MYSQLI_STORE_RESULT"
in SYSTEMPATH/Database/Database.php on line 139.
 1 SYSTEMPATH/Database/Database.php(56): CodeIgniter\Database\Database->initDriver()
 2 SYSTEMPATH/Database/Config.php(82): CodeIgniter\Database\Database->load()
 3 SYSTEMPATH/Model.php(155): CodeIgniter\Database\Config::connect()
 4 APPPATH/Controllers/Pelicula.php(11): CodeIgniter\Model->__construct()
 5 SYSTEMPATH/CodeIgniter.php(934): App\Controllers\Pelicula->index()
 6 SYSTEMPATH/CodeIgniter.php(499): CodeIgniter\CodeIgniter->runController()
 7 SYSTEMPATH/CodeIgniter.php(368): CodeIgniter\CodeIgniter->handleRequest()
 8 FCPATH/index.php(67): CodeIgniter\CodeIgniter->run()
 9 SYSTEMPATH/Commands/Server/rewrite.php(47): require_once('FCPATH/index.php')
CRITICAL - 2023-03-14 09:10:50 --> Undefined constant "CodeIgniter\Database\MySQLi\MYSQLI_STORE_RESULT"
in SYSTEMPATH/Database/Database.php on line 139.
 1 SYSTEMPATH/Database/Database.php(56): CodeIgniter\Database\Database->initDriver()
 2 SYSTEMPATH/Database/Config.php(82): CodeIgniter\Database\Database->load()
 3 SYSTEMPATH/Model.php(155): CodeIgniter\Database\Config::connect()
 4 APPPATH/Controllers/Pelicula.php(11): CodeIgniter\Model->__construct()
 5 SYSTEMPATH/CodeIgniter.php(934): App\Controllers\Pelicula->index()
 6 SYSTEMPATH/CodeIgniter.php(499): CodeIgniter\CodeIgniter->runController()
 7 SYSTEMPATH/CodeIgniter.php(368): CodeIgniter\CodeIgniter->handleRequest()
 8 FCPATH/index.php(67): CodeIgniter\CodeIgniter->run()
 9 SYSTEMPATH/Commands/Server/rewrite.php(47): require_once('FCPATH/index.php')
CRITICAL - 2023-03-14 09:10:50 --> Undefined constant "CodeIgniter\Database\MySQLi\MYSQLI_STORE_RESULT"
in SYSTEMPATH/Database/Database.php on line 139.
 1 SYSTEMPATH/Database/Database.php(56): CodeIgniter\Database\Database->initDriver()
 2 SYSTEMPATH/Database/Config.php(82): CodeIgniter\Database\Database->load()
 3 SYSTEMPATH/Model.php(155): CodeIgniter\Database\Config::connect()
 4 APPPATH/Controllers/Pelicula.php(11): CodeIgniter\Model->__construct()
 5 SYSTEMPATH/CodeIgniter.php(934): App\Controllers\Pelicula->index()
 6 SYSTEMPATH/CodeIgniter.php(499): CodeIgniter\CodeIgniter->runController()
 7 SYSTEMPATH/CodeIgniter.php(368): CodeIgniter\CodeIgniter->handleRequest()
 8 FCPATH/index.php(67): CodeIgniter\CodeIgniter->run()
 9 SYSTEMPATH/Commands/Server/rewrite.php(47): require_once('FCPATH/index.php')
CRITICAL - 2023-03-14 09:23:52 --> Undefined constant "CodeIgniter\Database\MySQLi\MYSQLI_STORE_RESULT"
in SYSTEMPATH/Database/Database.php on line 139.
 1 SYSTEMPATH/Database/Database.php(56): CodeIgniter\Database\Database->initDriver()
 2 SYSTEMPATH/Database/Config.php(82): CodeIgniter\Database\Database->load()
 3 SYSTEMPATH/Model.php(155): CodeIgniter\Database\Config::connect()
 4 APPPATH/Controllers/Pelicula.php(11): CodeIgniter\Model->__construct()
 5 SYSTEMPATH/CodeIgniter.php(934): App\Controllers\Pelicula->index()
 6 SYSTEMPATH/CodeIgniter.php(499): CodeIgniter\CodeIgniter->runController()
 7 SYSTEMPATH/CodeIgniter.php(368): CodeIgniter\CodeIgniter->handleRequest()
 8 FCPATH/index.php(67): CodeIgniter\CodeIgniter->run()
 9 SYSTEMPATH/Commands/Server/rewrite.php(47): require_once('FCPATH/index.php')
CRITICAL - 2023-03-14 09:27:18 --> Undefined constant "CodeIgniter\Database\MySQLi\MYSQLI_STORE_RESULT"
in SYSTEMPATH/Database/Database.php on line 139.
 1 SYSTEMPATH/Database/Database.php(56): CodeIgniter\Database\Database->initDriver()
 2 SYSTEMPATH/Database/Config.php(82): CodeIgniter\Database\Database->load()
 3 SYSTEMPATH/Model.php(155): CodeIgniter\Database\Config::connect()
 4 APPPATH/Controllers/Pelicula.php(11): CodeIgniter\Model->__construct()
 5 SYSTEMPATH/CodeIgniter.php(934): App\Controllers\Pelicula->index()
 6 SYSTEMPATH/CodeIgniter.php(499): CodeIgniter\CodeIgniter->runController()
 7 SYSTEMPATH/CodeIgniter.php(368): CodeIgniter\CodeIgniter->handleRequest()
 8 FCPATH/index.php(67): CodeIgniter\CodeIgniter->run()
 9 SYSTEMPATH/Commands/Server/rewrite.php(47): require_once('FCPATH/index.php')
CRITICAL - 2023-03-14 09:27:19 --> Undefined constant "CodeIgniter\Database\MySQLi\MYSQLI_STORE_RESULT"
in SYSTEMPATH/Database/Database.php on line 139.
 1 SYSTEMPATH/Database/Database.php(56): CodeIgniter\Database\Database->initDriver()
 2 SYSTEMPATH/Database/Config.php(82): CodeIgniter\Database\Database->load()
 3 SYSTEMPATH/Model.php(155): CodeIgniter\Database\Config::connect()
 4 APPPATH/Controllers/Pelicula.php(11): CodeIgniter\Model->__construct()
 5 SYSTEMPATH/CodeIgniter.php(934): App\Controllers\Pelicula->index()
 6 SYSTEMPATH/CodeIgniter.php(499): CodeIgniter\CodeIgniter->runController()
 7 SYSTEMPATH/CodeIgniter.php(368): CodeIgniter\CodeIgniter->handleRequest()
 8 FCPATH/index.php(67): CodeIgniter\CodeIgniter->run()
 9 SYSTEMPATH/Commands/Server/rewrite.php(47): require_once('FCPATH/index.php')
CRITICAL - 2023-03-14 09:27:19 --> Undefined constant "CodeIgniter\Database\MySQLi\MYSQLI_STORE_RESULT"
in SYSTEMPATH/Database/Database.php on line 139.
 1 SYSTEMPATH/Database/Database.php(56): CodeIgniter\Database\Database->initDriver()
 2 SYSTEMPATH/Database/Config.php(82): CodeIgniter\Database\Database->load()
 3 SYSTEMPATH/Model.php(155): CodeIgniter\Database\Config::connect()
 4 APPPATH/Controllers/Pelicula.php(11): CodeIgniter\Model->__construct()
 5 SYSTEMPATH/CodeIgniter.php(934): App\Controllers\Pelicula->index()
 6 SYSTEMPATH/CodeIgniter.php(499): CodeIgniter\CodeIgniter->runController()
 7 SYSTEMPATH/CodeIgniter.php(368): CodeIgniter\CodeIgniter->handleRequest()
 8 FCPATH/index.php(67): CodeIgniter\CodeIgniter->run()
 9 SYSTEMPATH/Commands/Server/rewrite.php(47): require_once('FCPATH/index.php')
CRITICAL - 2023-03-14 09:27:19 --> Undefined constant "CodeIgniter\Database\MySQLi\MYSQLI_STORE_RESULT"
in SYSTEMPATH/Database/Database.php on line 139.
 1 SYSTEMPATH/Database/Database.php(56): CodeIgniter\Database\Database->initDriver()
 2 SYSTEMPATH/Database/Config.php(82): CodeIgniter\Database\Database->load()
 3 SYSTEMPATH/Model.php(155): CodeIgniter\Database\Config::connect()
 4 APPPATH/Controllers/Pelicula.php(11): CodeIgniter\Model->__construct()
 5 SYSTEMPATH/CodeIgniter.php(934): App\Controllers\Pelicula->index()
 6 SYSTEMPATH/CodeIgniter.php(499): CodeIgniter\CodeIgniter->runController()
 7 SYSTEMPATH/CodeIgniter.php(368): CodeIgniter\CodeIgniter->handleRequest()
 8 FCPATH/index.php(67): CodeIgniter\CodeIgniter->run()
 9 SYSTEMPATH/Commands/Server/rewrite.php(47): require_once('FCPATH/index.php')
CRITICAL - 2023-03-14 09:31:49 --> Undefined constant "CodeIgniter\Database\MySQLi\MYSQLI_STORE_RESULT"
in SYSTEMPATH/Database/Database.php on line 139.
 1 SYSTEMPATH/Database/Database.php(56): CodeIgniter\Database\Database->initDriver()
 2 SYSTEMPATH/Database/Config.php(82): CodeIgniter\Database\Database->load()
 3 SYSTEMPATH/Model.php(155): CodeIgniter\Database\Config::connect()
 4 APPPATH/Controllers/Pelicula.php(11): CodeIgniter\Model->__construct()
 5 SYSTEMPATH/CodeIgniter.php(934): App\Controllers\Pelicula->index()
 6 SYSTEMPATH/CodeIgniter.php(499): CodeIgniter\CodeIgniter->runController()
 7 SYSTEMPATH/CodeIgniter.php(368): CodeIgniter\CodeIgniter->handleRequest()
 8 FCPATH/index.php(67): CodeIgniter\CodeIgniter->run()
 9 SYSTEMPATH/Commands/Server/rewrite.php(47): require_once('FCPATH/index.php')
CRITICAL - 2023-03-14 09:32:11 --> Undefined constant "CodeIgniter\Database\MySQLi\MYSQLI_STORE_RESULT"
in SYSTEMPATH/Database/Database.php on line 139.
 1 SYSTEMPATH/Database/Database.php(56): CodeIgniter\Database\Database->initDriver()
 2 SYSTEMPATH/Database/Config.php(82): CodeIgniter\Database\Database->load()
 3 SYSTEMPATH/Model.php(155): CodeIgniter\Database\Config::connect()
 4 APPPATH/Controllers/Pelicula.php(11): CodeIgniter\Model->__construct()
 5 SYSTEMPATH/CodeIgniter.php(934): App\Controllers\Pelicula->index()
 6 SYSTEMPATH/CodeIgniter.php(499): CodeIgniter\CodeIgniter->runController()
 7 SYSTEMPATH/CodeIgniter.php(368): CodeIgniter\CodeIgniter->handleRequest()
 8 FCPATH/index.php(67): CodeIgniter\CodeIgniter->run()
 9 SYSTEMPATH/Commands/Server/rewrite.php(47): require_once('FCPATH/index.php')
CRITICAL - 2023-03-14 09:37:56 --> Undefined array key "titulo"
in APPPATH/Controllers/Pelicula.php on line 13.
 1 APPPATH/Controllers/Pelicula.php(13): CodeIgniter\Debug\Exceptions->errorHandler()
 2 SYSTEMPATH/CodeIgniter.php(934): App\Controllers\Pelicula->index()
 3 SYSTEMPATH/CodeIgniter.php(499): CodeIgniter\CodeIgniter->runController()
 4 SYSTEMPATH/CodeIgniter.php(368): CodeIgniter\CodeIgniter->handleRequest()
 5 FCPATH/index.php(67): CodeIgniter\CodeIgniter->run()
 6 SYSTEMPATH/Commands/Server/rewrite.php(47): require_once('FCPATH/index.php')
CRITICAL - 2023-03-14 09:44:15 --> Undefined array key "titulo"
in APPPATH/Controllers/Pelicula.php on line 19.
 1 APPPATH/Controllers/Pelicula.php(19): CodeIgniter\Debug\Exceptions->errorHandler()
 2 SYSTEMPATH/CodeIgniter.php(934): App\Controllers\Pelicula->index()
 3 SYSTEMPATH/CodeIgniter.php(499): CodeIgniter\CodeIgniter->runController()
 4 SYSTEMPATH/CodeIgniter.php(368): CodeIgniter\CodeIgniter->handleRequest()
 5 FCPATH/index.php(67): CodeIgniter\CodeIgniter->run()
 6 SYSTEMPATH/Commands/Server/rewrite.php(47): require_once('FCPATH/index.php')
CRITICAL - 2023-03-14 09:44:26 --> Undefined variable $nombreVariableVista
in APPPATH/Views/index.php on line 11.
 1 APPPATH/Views/index.php(11): CodeIgniter\Debug\Exceptions->errorHandler()
 2 SYSTEMPATH/View/View.php(213): include('APPPATH/Views/index.php')
 3 SYSTEMPATH/View/View.php(216): CodeIgniter\View\View->CodeIgniter\View\{closure}()
 4 SYSTEMPATH/Common.php(1184): CodeIgniter\View\View->render()
 5 APPPATH/Controllers/Pelicula.php(19): view()
 6 SYSTEMPATH/CodeIgniter.php(934): App\Controllers\Pelicula->index()
 7 SYSTEMPATH/CodeIgniter.php(499): CodeIgniter\CodeIgniter->runController()
 8 SYSTEMPATH/CodeIgniter.php(368): CodeIgniter\CodeIgniter->handleRequest()
 9 FCPATH/index.php(67): CodeIgniter\CodeIgniter->run()
10 SYSTEMPATH/Commands/Server/rewrite.php(47): require_once('FCPATH/index.php')
CRITICAL - 2023-03-14 09:47:01 --> Undefined variable $value
in APPPATH/Views/index.php on line 14.
 1 APPPATH/Views/index.php(14): CodeIgniter\Debug\Exceptions->errorHandler()
 2 SYSTEMPATH/View/View.php(213): include('APPPATH/Views/index.php')
 3 SYSTEMPATH/View/View.php(216): CodeIgniter\View\View->CodeIgniter\View\{closure}()
 4 SYSTEMPATH/Common.php(1184): CodeIgniter\View\View->render()
 5 APPPATH/Controllers/Pelicula.php(20): view()
 6 SYSTEMPATH/CodeIgniter.php(934): App\Controllers\Pelicula->index()
 7 SYSTEMPATH/CodeIgniter.php(499): CodeIgniter\CodeIgniter->runController()
 8 SYSTEMPATH/CodeIgniter.php(368): CodeIgniter\CodeIgniter->handleRequest()
 9 FCPATH/index.php(67): CodeIgniter\CodeIgniter->run()
10 SYSTEMPATH/Commands/Server/rewrite.php(47): require_once('FCPATH/index.php')
CRITICAL - 2023-03-14 09:47:18 --> syntax error, unexpected token ";"
in APPPATH/Views/index.php on line 14.
 1 SYSTEMPATH/View/View.php(216): CodeIgniter\View\View->CodeIgniter\View\{closure}()
 2 SYSTEMPATH/Common.php(1184): CodeIgniter\View\View->render()
 3 APPPATH/Controllers/Pelicula.php(20): view()
 4 SYSTEMPATH/CodeIgniter.php(934): App\Controllers\Pelicula->index()
 5 SYSTEMPATH/CodeIgniter.php(499): CodeIgniter\CodeIgniter->runController()
 6 SYSTEMPATH/CodeIgniter.php(368): CodeIgniter\CodeIgniter->handleRequest()
 7 FCPATH/index.php(67): CodeIgniter\CodeIgniter->run()
 8 SYSTEMPATH/Commands/Server/rewrite.php(47): require_once('FCPATH/index.php')
CRITICAL - 2023-03-14 09:48:51 --> foreach() argument must be of type array|object, string given
in APPPATH/Views/index.php on line 13.
 1 APPPATH/Views/index.php(13): CodeIgniter\Debug\Exceptions->errorHandler()
 2 SYSTEMPATH/View/View.php(213): include('APPPATH/Views/index.php')
 3 SYSTEMPATH/View/View.php(216): CodeIgniter\View\View->CodeIgniter\View\{closure}()
 4 SYSTEMPATH/Common.php(1184): CodeIgniter\View\View->render()
 5 APPPATH/Controllers/Pelicula.php(20): view()
 6 SYSTEMPATH/CodeIgniter.php(934): App\Controllers\Pelicula->index()
 7 SYSTEMPATH/CodeIgniter.php(499): CodeIgniter\CodeIgniter->runController()
 8 SYSTEMPATH/CodeIgniter.php(368): CodeIgniter\CodeIgniter->handleRequest()
 9 FCPATH/index.php(67): CodeIgniter\CodeIgniter->run()
10 SYSTEMPATH/Commands/Server/rewrite.php(47): require_once('FCPATH/index.php')
CRITICAL - 2023-03-14 09:49:03 --> Array to string conversion
in APPPATH/Views/index.php on line 14.
 1 APPPATH/Views/index.php(14): CodeIgniter\Debug\Exceptions->errorHandler()
 2 SYSTEMPATH/View/View.php(213): include('APPPATH/Views/index.php')
 3 SYSTEMPATH/View/View.php(216): CodeIgniter\View\View->CodeIgniter\View\{closure}()
 4 SYSTEMPATH/Common.php(1184): CodeIgniter\View\View->render()
 5 APPPATH/Controllers/Pelicula.php(20): view()
 6 SYSTEMPATH/CodeIgniter.php(934): App\Controllers\Pelicula->index()
 7 SYSTEMPATH/CodeIgniter.php(499): CodeIgniter\CodeIgniter->runController()
 8 SYSTEMPATH/CodeIgniter.php(368): CodeIgniter\CodeIgniter->handleRequest()
 9 FCPATH/index.php(67): CodeIgniter\CodeIgniter->run()
10 SYSTEMPATH/Commands/Server/rewrite.php(47): require_once('FCPATH/index.php')
CRITICAL - 2023-03-14 09:51:03 --> Undefined array key "descripcion"
in APPPATH/Views/index.php on line 15.
 1 APPPATH/Views/index.php(15): CodeIgniter\Debug\Exceptions->errorHandler()
 2 SYSTEMPATH/View/View.php(213): include('APPPATH/Views/index.php')
 3 SYSTEMPATH/View/View.php(216): CodeIgniter\View\View->CodeIgniter\View\{closure}()
 4 SYSTEMPATH/Common.php(1184): CodeIgniter\View\View->render()
 5 APPPATH/Controllers/Pelicula.php(20): view()
 6 SYSTEMPATH/CodeIgniter.php(934): App\Controllers\Pelicula->index()
 7 SYSTEMPATH/CodeIgniter.php(499): CodeIgniter\CodeIgniter->runController()
 8 SYSTEMPATH/CodeIgniter.php(368): CodeIgniter\CodeIgniter->handleRequest()
 9 FCPATH/index.php(67): CodeIgniter\CodeIgniter->run()
10 SYSTEMPATH/Commands/Server/rewrite.php(47): require_once('FCPATH/index.php')
CRITICAL - 2023-03-14 09:58:50 --> Class "App\Controllers\PeliculaModel" not found
in APPPATH/Controllers/Create.php on line 11.
 1 SYSTEMPATH/CodeIgniter.php(934): App\Controllers\Create->index()
 2 SYSTEMPATH/CodeIgniter.php(499): CodeIgniter\CodeIgniter->runController()
 3 SYSTEMPATH/CodeIgniter.php(368): CodeIgniter\CodeIgniter->handleRequest()
 4 FCPATH/index.php(67): CodeIgniter\CodeIgniter->run()
 5 SYSTEMPATH/Commands/Server/rewrite.php(47): require_once('FCPATH/index.php')
CRITICAL - 2023-03-14 09:59:20 --> Class "App\Models\BaseController" not found
in APPPATH/Controllers/Create.php on line 7.
 1 SYSTEMPATH/Autoloader/Autoloader.php(312): include_once()
 2 SYSTEMPATH/Autoloader/Autoloader.php(289): CodeIgniter\Autoloader\Autoloader->includeFile()
 3 SYSTEMPATH/Autoloader/Autoloader.php(267): CodeIgniter\Autoloader\Autoloader->loadInNamespace()
 4 [internal function]: CodeIgniter\Autoloader\Autoloader->loadClass()
 5 SYSTEMPATH/CodeIgniter.php(892): class_exists()
 6 SYSTEMPATH/CodeIgniter.php(486): CodeIgniter\CodeIgniter->startController()
 7 SYSTEMPATH/CodeIgniter.php(368): CodeIgniter\CodeIgniter->handleRequest()
 8 FCPATH/index.php(67): CodeIgniter\CodeIgniter->run()
 9 SYSTEMPATH/Commands/Server/rewrite.php(47): require_once('FCPATH/index.php')
CRITICAL - 2023-03-14 10:46:08 --> Call to undefined method App\Controllers\Pelicula::find()
in APPPATH/Controllers/Pelicula.php on line 27.
 1 SYSTEMPATH/CodeIgniter.php(934): App\Controllers\Pelicula->show()
 2 SYSTEMPATH/CodeIgniter.php(499): CodeIgniter\CodeIgniter->runController()
 3 SYSTEMPATH/CodeIgniter.php(368): CodeIgniter\CodeIgniter->handleRequest()
 4 FCPATH/index.php(67): CodeIgniter\CodeIgniter->run()
 5 SYSTEMPATH/Commands/Server/rewrite.php(47): require_once('FCPATH/index.php')
CRITICAL - 2023-03-14 10:55:15 --> Undefined variable $peliculaModel
in APPPATH/Controllers/Pelicula.php on line 20.
 1 APPPATH/Controllers/Pelicula.php(20): CodeIgniter\Debug\Exceptions->errorHandler()
 2 SYSTEMPATH/CodeIgniter.php(934): App\Controllers\Pelicula->index()
 3 SYSTEMPATH/CodeIgniter.php(499): CodeIgniter\CodeIgniter->runController()
 4 SYSTEMPATH/CodeIgniter.php(368): CodeIgniter\CodeIgniter->handleRequest()
 5 FCPATH/index.php(67): CodeIgniter\CodeIgniter->run()
 6 SYSTEMPATH/Commands/Server/rewrite.php(47): require_once('FCPATH/index.php')
CRITICAL - 2023-03-14 10:55:23 --> Undefined variable $peliculaModel
in APPPATH/Controllers/Pelicula.php on line 20.
 1 APPPATH/Controllers/Pelicula.php(20): CodeIgniter\Debug\Exceptions->errorHandler()
 2 SYSTEMPATH/CodeIgniter.php(934): App\Controllers\Pelicula->index()
 3 SYSTEMPATH/CodeIgniter.php(499): CodeIgniter\CodeIgniter->runController()
 4 SYSTEMPATH/CodeIgniter.php(368): CodeIgniter\CodeIgniter->handleRequest()
 5 FCPATH/index.php(67): CodeIgniter\CodeIgniter->run()
 6 SYSTEMPATH/Commands/Server/rewrite.php(47): require_once('FCPATH/index.php')
CRITICAL - 2023-03-14 10:56:00 --> Undefined variable $peliculaModel
in APPPATH/Controllers/Pelicula.php on line 28.
 1 APPPATH/Controllers/Pelicula.php(28): CodeIgniter\Debug\Exceptions->errorHandler()
 2 SYSTEMPATH/CodeIgniter.php(934): App\Controllers\Pelicula->show()
 3 SYSTEMPATH/CodeIgniter.php(499): CodeIgniter\CodeIgniter->runController()
 4 SYSTEMPATH/CodeIgniter.php(368): CodeIgniter\CodeIgniter->handleRequest()
 5 FCPATH/index.php(67): CodeIgniter\CodeIgniter->run()
 6 SYSTEMPATH/Commands/Server/rewrite.php(47): require_once('FCPATH/index.php')
CRITICAL - 2023-03-14 11:16:38 --> Allowed fields must be specified for model: "App\Models\PeliculaModel"
in SYSTEMPATH/BaseModel.php on line 1242.
 1 SYSTEMPATH/BaseModel.php(1242): CodeIgniter\Database\Exceptions\DataException::forInvalidAllowedFields()
 2 SYSTEMPATH/BaseModel.php(757): CodeIgniter\BaseModel->doProtectFields()
 3 SYSTEMPATH/Model.php(730): CodeIgniter\BaseModel->insert()
 4 APPPATH/Controllers/Pelicula.php(42): CodeIgniter\Model->insert()
 5 SYSTEMPATH/CodeIgniter.php(934): App\Controllers\Pelicula->create()
 6 SYSTEMPATH/CodeIgniter.php(499): CodeIgniter\CodeIgniter->runController()
 7 SYSTEMPATH/CodeIgniter.php(368): CodeIgniter\CodeIgniter->handleRequest()
 8 FCPATH/index.php(67): CodeIgniter\CodeIgniter->run()
 9 SYSTEMPATH/Commands/Server/rewrite.php(47): require_once('FCPATH/index.php')
CRITICAL - 2023-03-14 11:28:55 --> Invalid file: "Pelicula/edit.php"
in SYSTEMPATH/Exceptions/FrameworkException.php on line 33.
 1 SYSTEMPATH/View/View.php(201): CodeIgniter\Exceptions\FrameworkException::forInvalidFile()
 2 SYSTEMPATH/Common.php(1184): CodeIgniter\View\View->render()
 3 APPPATH/Controllers/Pelicula.php(53): view()
 4 SYSTEMPATH/CodeIgniter.php(934): App\Controllers\Pelicula->edit()
 5 SYSTEMPATH/CodeIgniter.php(499): CodeIgniter\CodeIgniter->runController()
 6 SYSTEMPATH/CodeIgniter.php(368): CodeIgniter\CodeIgniter->handleRequest()
 7 FCPATH/index.php(67): CodeIgniter\CodeIgniter->run()
 8 SYSTEMPATH/Commands/Server/rewrite.php(47): require_once('FCPATH/index.php')
CRITICAL - 2023-03-14 11:38:40 --> Trying to access array offset on value of type null
in APPPATH/Views/pelicula/show.php on line 7.
 1 APPPATH/Views/pelicula/show.php(7): CodeIgniter\Debug\Exceptions->errorHandler()
 2 SYSTEMPATH/View/View.php(213): include('APPPATH/Views/pelicula/show.php')
 3 SYSTEMPATH/View/View.php(216): CodeIgniter\View\View->CodeIgniter\View\{closure}()
 4 SYSTEMPATH/Common.php(1184): CodeIgniter\View\View->render()
 5 APPPATH/Controllers/Pelicula.php(24): view()
 6 SYSTEMPATH/CodeIgniter.php(934): App\Controllers\Pelicula->show()
 7 SYSTEMPATH/CodeIgniter.php(499): CodeIgniter\CodeIgniter->runController()
 8 SYSTEMPATH/CodeIgniter.php(368): CodeIgniter\CodeIgniter->handleRequest()
 9 FCPATH/index.php(67): CodeIgniter\CodeIgniter->run()
10 SYSTEMPATH/Commands/Server/rewrite.php(47): require_once('FCPATH/index.php')
CRITICAL - 2023-03-14 11:39:15 --> Trying to access array offset on value of type null
in APPPATH/Views/pelicula/show.php on line 7.
 1 APPPATH/Views/pelicula/show.php(7): CodeIgniter\Debug\Exceptions->errorHandler()
 2 SYSTEMPATH/View/View.php(213): include('APPPATH/Views/pelicula/show.php')
 3 SYSTEMPATH/View/View.php(216): CodeIgniter\View\View->CodeIgniter\View\{closure}()
 4 SYSTEMPATH/Common.php(1184): CodeIgniter\View\View->render()
 5 APPPATH/Controllers/Pelicula.php(24): view()
 6 SYSTEMPATH/CodeIgniter.php(934): App\Controllers\Pelicula->show()
 7 SYSTEMPATH/CodeIgniter.php(499): CodeIgniter\CodeIgniter->runController()
 8 SYSTEMPATH/CodeIgniter.php(368): CodeIgniter\CodeIgniter->handleRequest()
 9 FCPATH/index.php(67): CodeIgniter\CodeIgniter->run()
10 SYSTEMPATH/Commands/Server/rewrite.php(47): require_once('FCPATH/index.php')
CRITICAL - 2023-03-14 11:50:41 --> syntax error, unexpected token "echo"
in APPPATH/Views/pelicula/edit.php on line 11.
 1 SYSTEMPATH/View/View.php(216): CodeIgniter\View\View->CodeIgniter\View\{closure}()
 2 SYSTEMPATH/Common.php(1184): CodeIgniter\View\View->render()
 3 APPPATH/Controllers/Pelicula.php(49): view()
 4 SYSTEMPATH/CodeIgniter.php(934): App\Controllers\Pelicula->edit()
 5 SYSTEMPATH/CodeIgniter.php(499): CodeIgniter\CodeIgniter->runController()
 6 SYSTEMPATH/CodeIgniter.php(368): CodeIgniter\CodeIgniter->handleRequest()
 7 FCPATH/index.php(67): CodeIgniter\CodeIgniter->run()
 8 SYSTEMPATH/Commands/Server/rewrite.php(47): require_once('FCPATH/index.php')
CRITICAL - 2023-03-14 11:53:17 --> Undefined variable $pelicula
in APPPATH/Views/pelicula/_form.php on line 2.
 1 APPPATH/Views/pelicula/_form.php(2): CodeIgniter\Debug\Exceptions->errorHandler()
 2 SYSTEMPATH/View/View.php(213): include('APPPATH/Views/pelicula/_form.php')
 3 SYSTEMPATH/View/View.php(216): CodeIgniter\View\View->CodeIgniter\View\{closure}()
 4 SYSTEMPATH/Common.php(1184): CodeIgniter\View\View->render()
 5 APPPATH/Views/pelicula/new.php(11): view()
 6 SYSTEMPATH/View/View.php(213): include('APPPATH/Views/pelicula/new.php')
 7 SYSTEMPATH/View/View.php(216): CodeIgniter\View\View->CodeIgniter\View\{closure}()
 8 SYSTEMPATH/Common.php(1184): CodeIgniter\View\View->render()
 9 APPPATH/Controllers/Pelicula.php(30): view()
10 SYSTEMPATH/CodeIgniter.php(934): App\Controllers\Pelicula->new()
11 SYSTEMPATH/CodeIgniter.php(499): CodeIgniter\CodeIgniter->runController()
12 SYSTEMPATH/CodeIgniter.php(368): CodeIgniter\CodeIgniter->handleRequest()
13 FCPATH/index.php(67): CodeIgniter\CodeIgniter->run()
14 SYSTEMPATH/Commands/Server/rewrite.php(47): require_once('FCPATH/index.php')
CRITICAL - 2023-03-14 11:54:16 --> syntax error, unexpected token "=", expecting "]"
in APPPATH/Controllers/Pelicula.php on line 30.
 1 SYSTEMPATH/Autoloader/Autoloader.php(289): CodeIgniter\Autoloader\Autoloader->includeFile()
 2 SYSTEMPATH/Autoloader/Autoloader.php(267): CodeIgniter\Autoloader\Autoloader->loadInNamespace()
 3 [internal function]: CodeIgniter\Autoloader\Autoloader->loadClass()
 4 SYSTEMPATH/CodeIgniter.php(892): class_exists()
 5 SYSTEMPATH/CodeIgniter.php(486): CodeIgniter\CodeIgniter->startController()
 6 SYSTEMPATH/CodeIgniter.php(368): CodeIgniter\CodeIgniter->handleRequest()
 7 FCPATH/index.php(67): CodeIgniter\CodeIgniter->run()
 8 SYSTEMPATH/Commands/Server/rewrite.php(47): require_once('FCPATH/index.php')
CRITICAL - 2023-03-14 12:34:06 --> Class "App\Controllers\CategoriaModel" not found
in APPPATH/Controllers/Categoria.php on line 11.
 1 SYSTEMPATH/CodeIgniter.php(934): App\Controllers\Categoria->index()
 2 SYSTEMPATH/CodeIgniter.php(499): CodeIgniter\CodeIgniter->runController()
 3 SYSTEMPATH/CodeIgniter.php(368): CodeIgniter\CodeIgniter->handleRequest()
 4 FCPATH/index.php(67): CodeIgniter\CodeIgniter->run()
 5 SYSTEMPATH/Commands/Server/rewrite.php(47): require_once('FCPATH/index.php')
CRITICAL - 2023-03-14 12:37:43 --> Undefined array key "titulo"
in APPPATH/Views/categoria/index.php on line 11.
 1 APPPATH/Views/categoria/index.php(11): CodeIgniter\Debug\Exceptions->errorHandler()
 2 SYSTEMPATH/View/View.php(213): include('APPPATH/Views/categoria/index.php')
 3 SYSTEMPATH/View/View.php(216): CodeIgniter\View\View->CodeIgniter\View\{closure}()
 4 SYSTEMPATH/Common.php(1184): CodeIgniter\View\View->render()
 5 APPPATH/Controllers/Categoria.php(13): view()
 6 SYSTEMPATH/CodeIgniter.php(934): App\Controllers\Categoria->index()
 7 SYSTEMPATH/CodeIgniter.php(499): CodeIgniter\CodeIgniter->runController()
 8 SYSTEMPATH/CodeIgniter.php(368): CodeIgniter\CodeIgniter->handleRequest()
 9 FCPATH/index.php(67): CodeIgniter\CodeIgniter->run()
10 SYSTEMPATH/Commands/Server/rewrite.php(47): require_once('FCPATH/index.php')
CRITICAL - 2023-03-14 12:38:04 --> Undefined array key "id"
in APPPATH/Views/categoria/index.php on line 11.
 1 APPPATH/Views/categoria/index.php(11): CodeIgniter\Debug\Exceptions->errorHandler()
 2 SYSTEMPATH/View/View.php(213): include('APPPATH/Views/categoria/index.php')
 3 SYSTEMPATH/View/View.php(216): CodeIgniter\View\View->CodeIgniter\View\{closure}()
 4 SYSTEMPATH/Common.php(1184): CodeIgniter\View\View->render()
 5 APPPATH/Controllers/Categoria.php(13): view()
 6 SYSTEMPATH/CodeIgniter.php(934): App\Controllers\Categoria->index()
 7 SYSTEMPATH/CodeIgniter.php(499): CodeIgniter\CodeIgniter->runController()
 8 SYSTEMPATH/CodeIgniter.php(368): CodeIgniter\CodeIgniter->handleRequest()
 9 FCPATH/index.php(67): CodeIgniter\CodeIgniter->run()
10 SYSTEMPATH/Commands/Server/rewrite.php(47): require_once('FCPATH/index.php')
CRITICAL - 2023-03-14 12:47:31 --> Invalid file: "categoria/new.php"
in SYSTEMPATH/Exceptions/FrameworkException.php on line 33.
 1 SYSTEMPATH/View/View.php(201): CodeIgniter\Exceptions\FrameworkException::forInvalidFile()
 2 SYSTEMPATH/Common.php(1184): CodeIgniter\View\View->render()
 3 APPPATH/Controllers/Categoria.php(19): view()
 4 SYSTEMPATH/CodeIgniter.php(934): App\Controllers\Categoria->new()
 5 SYSTEMPATH/CodeIgniter.php(499): CodeIgniter\CodeIgniter->runController()
 6 SYSTEMPATH/CodeIgniter.php(368): CodeIgniter\CodeIgniter->handleRequest()
 7 FCPATH/index.php(67): CodeIgniter\CodeIgniter->run()
 8 SYSTEMPATH/Commands/Server/rewrite.php(47): require_once('FCPATH/index.php')
CRITICAL - 2023-03-14 12:48:54 --> Invalid file: "categoria/_form.php"
in SYSTEMPATH/Exceptions/FrameworkException.php on line 33.
 1 SYSTEMPATH/View/View.php(201): CodeIgniter\Exceptions\FrameworkException::forInvalidFile()
 2 SYSTEMPATH/Common.php(1184): CodeIgniter\View\View->render()
 3 APPPATH/Views/categoria/new.php(11): view()
 4 SYSTEMPATH/View/View.php(213): include('APPPATH/Views/categoria/new.php')
 5 SYSTEMPATH/View/View.php(216): CodeIgniter\View\View->CodeIgniter\View\{closure}()
 6 SYSTEMPATH/Common.php(1184): CodeIgniter\View\View->render()
 7 APPPATH/Controllers/Categoria.php(19): view()
 8 SYSTEMPATH/CodeIgniter.php(934): App\Controllers\Categoria->new()
 9 SYSTEMPATH/CodeIgniter.php(499): CodeIgniter\CodeIgniter->runController()
10 SYSTEMPATH/CodeIgniter.php(368): CodeIgniter\CodeIgniter->handleRequest()
11 FCPATH/index.php(67): CodeIgniter\CodeIgniter->run()
12 SYSTEMPATH/Commands/Server/rewrite.php(47): require_once('FCPATH/index.php')
CRITICAL - 2023-03-14 12:49:13 --> Undefined variable $pelicula
in APPPATH/Views/categoria/_form.php on line 2.
 1 APPPATH/Views/categoria/_form.php(2): CodeIgniter\Debug\Exceptions->errorHandler()
 2 SYSTEMPATH/View/View.php(213): include('APPPATH/Views/categoria/_form.php')
 3 SYSTEMPATH/View/View.php(216): CodeIgniter\View\View->CodeIgniter\View\{closure}()
 4 SYSTEMPATH/Common.php(1184): CodeIgniter\View\View->render()
 5 APPPATH/Views/categoria/new.php(11): view()
 6 SYSTEMPATH/View/View.php(213): include('APPPATH/Views/categoria/new.php')
 7 SYSTEMPATH/View/View.php(216): CodeIgniter\View\View->CodeIgniter\View\{closure}()
 8 SYSTEMPATH/Common.php(1184): CodeIgniter\View\View->render()
 9 APPPATH/Controllers/Categoria.php(19): view()
10 SYSTEMPATH/CodeIgniter.php(934): App\Controllers\Categoria->new()
11 SYSTEMPATH/CodeIgniter.php(499): CodeIgniter\CodeIgniter->runController()
12 SYSTEMPATH/CodeIgniter.php(368): CodeIgniter\CodeIgniter->handleRequest()
13 FCPATH/index.php(67): CodeIgniter\CodeIgniter->run()
14 SYSTEMPATH/Commands/Server/rewrite.php(47): require_once('FCPATH/index.php')
CRITICAL - 2023-03-14 12:49:28 --> Undefined variable $pelicula
in APPPATH/Views/categoria/_form.php on line 2.
 1 APPPATH/Views/categoria/_form.php(2): CodeIgniter\Debug\Exceptions->errorHandler()
 2 SYSTEMPATH/View/View.php(213): include('APPPATH/Views/categoria/_form.php')
 3 SYSTEMPATH/View/View.php(216): CodeIgniter\View\View->CodeIgniter\View\{closure}()
 4 SYSTEMPATH/Common.php(1184): CodeIgniter\View\View->render()
 5 APPPATH/Views/categoria/new.php(11): view()
 6 SYSTEMPATH/View/View.php(213): include('APPPATH/Views/categoria/new.php')
 7 SYSTEMPATH/View/View.php(216): CodeIgniter\View\View->CodeIgniter\View\{closure}()
 8 SYSTEMPATH/Common.php(1184): CodeIgniter\View\View->render()
 9 APPPATH/Controllers/Categoria.php(19): view()
10 SYSTEMPATH/CodeIgniter.php(934): App\Controllers\Categoria->new()
11 SYSTEMPATH/CodeIgniter.php(499): CodeIgniter\CodeIgniter->runController()
12 SYSTEMPATH/CodeIgniter.php(368): CodeIgniter\CodeIgniter->handleRequest()
13 FCPATH/index.php(67): CodeIgniter\CodeIgniter->run()
14 SYSTEMPATH/Commands/Server/rewrite.php(47): require_once('FCPATH/index.php')
CRITICAL - 2023-03-14 12:52:55 --> Undefined variable $categoriamodel
in APPPATH/Controllers/Categoria.php on line 26.
 1 APPPATH/Controllers/Categoria.php(26): CodeIgniter\Debug\Exceptions->errorHandler()
 2 SYSTEMPATH/CodeIgniter.php(934): App\Controllers\Categoria->create()
 3 SYSTEMPATH/CodeIgniter.php(499): CodeIgniter\CodeIgniter->runController()
 4 SYSTEMPATH/CodeIgniter.php(368): CodeIgniter\CodeIgniter->handleRequest()
 5 FCPATH/index.php(67): CodeIgniter\CodeIgniter->run()
 6 SYSTEMPATH/Commands/Server/rewrite.php(47): require_once('FCPATH/index.php')
CRITICAL - 2023-03-14 12:54:24 --> Invalid file: "categoria/show.php"
in SYSTEMPATH/Exceptions/FrameworkException.php on line 33.
 1 SYSTEMPATH/View/View.php(201): CodeIgniter\Exceptions\FrameworkException::forInvalidFile()
 2 SYSTEMPATH/Common.php(1184): CodeIgniter\View\View->render()
 3 APPPATH/Controllers/Categoria.php(34): view()
 4 SYSTEMPATH/CodeIgniter.php(934): App\Controllers\Categoria->show()
 5 SYSTEMPATH/CodeIgniter.php(499): CodeIgniter\CodeIgniter->runController()
 6 SYSTEMPATH/CodeIgniter.php(368): CodeIgniter\CodeIgniter->handleRequest()
 7 FCPATH/index.php(67): CodeIgniter\CodeIgniter->run()
 8 SYSTEMPATH/Commands/Server/rewrite.php(47): require_once('FCPATH/index.php')
CRITICAL - 2023-03-14 12:54:50 --> Invalid file: "categoria/show.php"
in SYSTEMPATH/Exceptions/FrameworkException.php on line 33.
 1 SYSTEMPATH/View/View.php(201): CodeIgniter\Exceptions\FrameworkException::forInvalidFile()
 2 SYSTEMPATH/Common.php(1184): CodeIgniter\View\View->render()
 3 APPPATH/Controllers/Categoria.php(34): view()
 4 SYSTEMPATH/CodeIgniter.php(934): App\Controllers\Categoria->show()
 5 SYSTEMPATH/CodeIgniter.php(499): CodeIgniter\CodeIgniter->runController()
 6 SYSTEMPATH/CodeIgniter.php(368): CodeIgniter\CodeIgniter->handleRequest()
 7 FCPATH/index.php(67): CodeIgniter\CodeIgniter->run()
 8 SYSTEMPATH/Commands/Server/rewrite.php(47): require_once('FCPATH/index.php')
CRITICAL - 2023-03-14 12:55:25 --> Invalid file: "categoria/show.php"
in SYSTEMPATH/Exceptions/FrameworkException.php on line 33.
 1 SYSTEMPATH/View/View.php(201): CodeIgniter\Exceptions\FrameworkException::forInvalidFile()
 2 SYSTEMPATH/Common.php(1184): CodeIgniter\View\View->render()
 3 APPPATH/Controllers/Categoria.php(34): view()
 4 SYSTEMPATH/CodeIgniter.php(934): App\Controllers\Categoria->show()
 5 SYSTEMPATH/CodeIgniter.php(499): CodeIgniter\CodeIgniter->runController()
 6 SYSTEMPATH/CodeIgniter.php(368): CodeIgniter\CodeIgniter->handleRequest()
 7 FCPATH/index.php(67): CodeIgniter\CodeIgniter->run()
 8 SYSTEMPATH/Commands/Server/rewrite.php(47): require_once('FCPATH/index.php')
CRITICAL - 2023-03-14 12:55:46 --> Invalid file: "categoria/show.php"
in SYSTEMPATH/Exceptions/FrameworkException.php on line 33.
 1 SYSTEMPATH/View/View.php(201): CodeIgniter\Exceptions\FrameworkException::forInvalidFile()
 2 SYSTEMPATH/Common.php(1184): CodeIgniter\View\View->render()
 3 APPPATH/Controllers/Categoria.php(34): view()
 4 SYSTEMPATH/CodeIgniter.php(934): App\Controllers\Categoria->show()
 5 SYSTEMPATH/CodeIgniter.php(499): CodeIgniter\CodeIgniter->runController()
 6 SYSTEMPATH/CodeIgniter.php(368): CodeIgniter\CodeIgniter->handleRequest()
 7 FCPATH/index.php(67): CodeIgniter\CodeIgniter->run()
 8 SYSTEMPATH/Commands/Server/rewrite.php(47): require_once('FCPATH/index.php')
CRITICAL - 2023-03-14 12:56:30 --> Undefined variable $peliculaModel
in APPPATH/Controllers/Categoria.php on line 33.
 1 APPPATH/Controllers/Categoria.php(33): CodeIgniter\Debug\Exceptions->errorHandler()
 2 SYSTEMPATH/CodeIgniter.php(934): App\Controllers\Categoria->show()
 3 SYSTEMPATH/CodeIgniter.php(499): CodeIgniter\CodeIgniter->runController()
 4 SYSTEMPATH/CodeIgniter.php(368): CodeIgniter\CodeIgniter->handleRequest()
 5 FCPATH/index.php(67): CodeIgniter\CodeIgniter->run()
 6 SYSTEMPATH/Commands/Server/rewrite.php(47): require_once('FCPATH/index.php')
CRITICAL - 2023-03-14 12:56:55 --> Invalid file: "categoria/show.php"
in SYSTEMPATH/Exceptions/FrameworkException.php on line 33.
 1 SYSTEMPATH/View/View.php(201): CodeIgniter\Exceptions\FrameworkException::forInvalidFile()
 2 SYSTEMPATH/Common.php(1184): CodeIgniter\View\View->render()
 3 APPPATH/Controllers/Categoria.php(35): view()
 4 SYSTEMPATH/CodeIgniter.php(934): App\Controllers\Categoria->show()
 5 SYSTEMPATH/CodeIgniter.php(499): CodeIgniter\CodeIgniter->runController()
 6 SYSTEMPATH/CodeIgniter.php(368): CodeIgniter\CodeIgniter->handleRequest()
 7 FCPATH/index.php(67): CodeIgniter\CodeIgniter->run()
 8 SYSTEMPATH/Commands/Server/rewrite.php(47): require_once('FCPATH/index.php')
CRITICAL - 2023-03-14 12:57:08 --> Invalid file: "categoria/show.php"
in SYSTEMPATH/Exceptions/FrameworkException.php on line 33.
 1 SYSTEMPATH/View/View.php(201): CodeIgniter\Exceptions\FrameworkException::forInvalidFile()
 2 SYSTEMPATH/Common.php(1184): CodeIgniter\View\View->render()
 3 APPPATH/Controllers/Categoria.php(35): view()
 4 SYSTEMPATH/CodeIgniter.php(934): App\Controllers\Categoria->show()
 5 SYSTEMPATH/CodeIgniter.php(499): CodeIgniter\CodeIgniter->runController()
 6 SYSTEMPATH/CodeIgniter.php(368): CodeIgniter\CodeIgniter->handleRequest()
 7 FCPATH/index.php(67): CodeIgniter\CodeIgniter->run()
 8 SYSTEMPATH/Commands/Server/rewrite.php(47): require_once('FCPATH/index.php')
CRITICAL - 2023-03-14 12:58:23 --> Invalid file: "categoria/show.php"
in SYSTEMPATH/Exceptions/FrameworkException.php on line 33.
 1 SYSTEMPATH/View/View.php(201): CodeIgniter\Exceptions\FrameworkException::forInvalidFile()
 2 SYSTEMPATH/Common.php(1184): CodeIgniter\View\View->render()
 3 APPPATH/Controllers/Categoria.php(35): view()
 4 SYSTEMPATH/CodeIgniter.php(934): App\Controllers\Categoria->show()
 5 SYSTEMPATH/CodeIgniter.php(499): CodeIgniter\CodeIgniter->runController()
 6 SYSTEMPATH/CodeIgniter.php(368): CodeIgniter\CodeIgniter->handleRequest()
 7 FCPATH/index.php(67): CodeIgniter\CodeIgniter->run()
 8 SYSTEMPATH/Commands/Server/rewrite.php(47): require_once('FCPATH/index.php')
CRITICAL - 2023-03-14 13:44:04 --> Undefined variable $id
in APPPATH/Controllers/Categoria.php on line 42.
 1 APPPATH/Controllers/Categoria.php(42): CodeIgniter\Debug\Exceptions->errorHandler()
 2 SYSTEMPATH/CodeIgniter.php(934): App\Controllers\Categoria->edit()
 3 SYSTEMPATH/CodeIgniter.php(499): CodeIgniter\CodeIgniter->runController()
 4 SYSTEMPATH/CodeIgniter.php(368): CodeIgniter\CodeIgniter->handleRequest()
 5 FCPATH/index.php(67): CodeIgniter\CodeIgniter->run()
 6 SYSTEMPATH/Commands/Server/rewrite.php(47): require_once('FCPATH/index.php')
CRITICAL - 2023-03-14 13:44:37 --> Undefined variable $id
in APPPATH/Controllers/Categoria.php on line 42.
 1 APPPATH/Controllers/Categoria.php(42): CodeIgniter\Debug\Exceptions->errorHandler()
 2 SYSTEMPATH/CodeIgniter.php(934): App\Controllers\Categoria->edit()
 3 SYSTEMPATH/CodeIgniter.php(499): CodeIgniter\CodeIgniter->runController()
 4 SYSTEMPATH/CodeIgniter.php(368): CodeIgniter\CodeIgniter->handleRequest()
 5 FCPATH/index.php(67): CodeIgniter\CodeIgniter->run()
 6 SYSTEMPATH/Commands/Server/rewrite.php(47): require_once('FCPATH/index.php')
CRITICAL - 2023-03-14 13:51:10 --> syntax error, unexpected token "}"
in APPPATH/Controllers/Categoria.php on line 51.
 1 SYSTEMPATH/Autoloader/Autoloader.php(289): CodeIgniter\Autoloader\Autoloader->includeFile()
 2 SYSTEMPATH/Autoloader/Autoloader.php(267): CodeIgniter\Autoloader\Autoloader->loadInNamespace()
 3 [internal function]: CodeIgniter\Autoloader\Autoloader->loadClass()
 4 SYSTEMPATH/CodeIgniter.php(892): class_exists()
 5 SYSTEMPATH/CodeIgniter.php(486): CodeIgniter\CodeIgniter->startController()
 6 SYSTEMPATH/CodeIgniter.php(368): CodeIgniter\CodeIgniter->handleRequest()
 7 FCPATH/index.php(67): CodeIgniter\CodeIgniter->run()
 8 SYSTEMPATH/Commands/Server/rewrite.php(47): require_once('FCPATH/index.php')
CRITICAL - 2023-03-14 13:54:11 --> Undefined variable $id
in APPPATH/Views/categoria/edit.php on line 10.
 1 APPPATH/Views/categoria/edit.php(10): CodeIgniter\Debug\Exceptions->errorHandler()
 2 SYSTEMPATH/View/View.php(213): include('APPPATH/Views/categoria/edit.php')
 3 SYSTEMPATH/View/View.php(216): CodeIgniter\View\View->CodeIgniter\View\{closure}()
 4 SYSTEMPATH/Common.php(1184): CodeIgniter\View\View->render()
 5 APPPATH/Controllers/Categoria.php(42): view()
 6 SYSTEMPATH/CodeIgniter.php(934): App\Controllers\Categoria->edit()
 7 SYSTEMPATH/CodeIgniter.php(499): CodeIgniter\CodeIgniter->runController()
 8 SYSTEMPATH/CodeIgniter.php(368): CodeIgniter\CodeIgniter->handleRequest()
 9 FCPATH/index.php(67): CodeIgniter\CodeIgniter->run()
10 SYSTEMPATH/Commands/Server/rewrite.php(47): require_once('FCPATH/index.php')
CRITICAL - 2023-03-14 13:54:27 --> Undefined variable $id
in APPPATH/Controllers/Categoria.php on line 48.
 1 APPPATH/Controllers/Categoria.php(48): CodeIgniter\Debug\Exceptions->errorHandler()
 2 SYSTEMPATH/CodeIgniter.php(934): App\Controllers\Categoria->update()
 3 SYSTEMPATH/CodeIgniter.php(499): CodeIgniter\CodeIgniter->runController()
 4 SYSTEMPATH/CodeIgniter.php(368): CodeIgniter\CodeIgniter->handleRequest()
 5 FCPATH/index.php(67): CodeIgniter\CodeIgniter->run()
 6 SYSTEMPATH/Commands/Server/rewrite.php(47): require_once('FCPATH/index.php')
CRITICAL - 2023-03-14 13:59:41 --> Trying to access array offset on value of type null
in APPPATH/Views/categoria/show.php on line 10.
 1 APPPATH/Views/categoria/show.php(10): CodeIgniter\Debug\Exceptions->errorHandler()
 2 SYSTEMPATH/View/View.php(213): include('APPPATH/Views/categoria/show.php')
 3 SYSTEMPATH/View/View.php(216): CodeIgniter\View\View->CodeIgniter\View\{closure}()
 4 SYSTEMPATH/Common.php(1184): CodeIgniter\View\View->render()
 5 APPPATH/Controllers/Categoria.php(35): view()
 6 SYSTEMPATH/CodeIgniter.php(934): App\Controllers\Categoria->show()
 7 SYSTEMPATH/CodeIgniter.php(499): CodeIgniter\CodeIgniter->runController()
 8 SYSTEMPATH/CodeIgniter.php(368): CodeIgniter\CodeIgniter->handleRequest()
 9 FCPATH/index.php(67): CodeIgniter\CodeIgniter->run()
10 SYSTEMPATH/Commands/Server/rewrite.php(47): require_once('FCPATH/index.php')
CRITICAL - 2023-03-14 14:00:21 --> Trying to access array offset on value of type null
in APPPATH/Views/categoria/show.php on line 10.
 1 APPPATH/Views/categoria/show.php(10): CodeIgniter\Debug\Exceptions->errorHandler()
 2 SYSTEMPATH/View/View.php(213): include('APPPATH/Views/categoria/show.php')
 3 SYSTEMPATH/View/View.php(216): CodeIgniter\View\View->CodeIgniter\View\{closure}()
 4 SYSTEMPATH/Common.php(1184): CodeIgniter\View\View->render()
 5 APPPATH/Controllers/Categoria.php(35): view()
 6 SYSTEMPATH/CodeIgniter.php(934): App\Controllers\Categoria->show()
 7 SYSTEMPATH/CodeIgniter.php(499): CodeIgniter\CodeIgniter->runController()
 8 SYSTEMPATH/CodeIgniter.php(368): CodeIgniter\CodeIgniter->handleRequest()
 9 FCPATH/index.php(67): CodeIgniter\CodeIgniter->run()
10 SYSTEMPATH/Commands/Server/rewrite.php(47): require_once('FCPATH/index.php')
CRITICAL - 2023-03-14 14:01:03 --> Undefined variable $id
in APPPATH/Views/categoria/show.php on line 10.
 1 APPPATH/Views/categoria/show.php(10): CodeIgniter\Debug\Exceptions->errorHandler()
 2 SYSTEMPATH/View/View.php(213): include('APPPATH/Views/categoria/show.php')
 3 SYSTEMPATH/View/View.php(216): CodeIgniter\View\View->CodeIgniter\View\{closure}()
 4 SYSTEMPATH/Common.php(1184): CodeIgniter\View\View->render()
 5 APPPATH/Controllers/Categoria.php(35): view()
 6 SYSTEMPATH/CodeIgniter.php(934): App\Controllers\Categoria->show()
 7 SYSTEMPATH/CodeIgniter.php(499): CodeIgniter\CodeIgniter->runController()
 8 SYSTEMPATH/CodeIgniter.php(368): CodeIgniter\CodeIgniter->handleRequest()
 9 FCPATH/index.php(67): CodeIgniter\CodeIgniter->run()
10 SYSTEMPATH/Commands/Server/rewrite.php(47): require_once('FCPATH/index.php')
CRITICAL - 2023-03-14 14:01:09 --> Trying to access array offset on value of type null
in APPPATH/Views/categoria/show.php on line 10.
 1 APPPATH/Views/categoria/show.php(10): CodeIgniter\Debug\Exceptions->errorHandler()
 2 SYSTEMPATH/View/View.php(213): include('APPPATH/Views/categoria/show.php')
 3 SYSTEMPATH/View/View.php(216): CodeIgniter\View\View->CodeIgniter\View\{closure}()
 4 SYSTEMPATH/Common.php(1184): CodeIgniter\View\View->render()
 5 APPPATH/Controllers/Categoria.php(35): view()
 6 SYSTEMPATH/CodeIgniter.php(934): App\Controllers\Categoria->show()
 7 SYSTEMPATH/CodeIgniter.php(499): CodeIgniter\CodeIgniter->runController()
 8 SYSTEMPATH/CodeIgniter.php(368): CodeIgniter\CodeIgniter->handleRequest()
 9 FCPATH/index.php(67): CodeIgniter\CodeIgniter->run()
10 SYSTEMPATH/Commands/Server/rewrite.php(47): require_once('FCPATH/index.php')
CRITICAL - 2023-03-14 14:02:01 --> Trying to access array offset on value of type null
in APPPATH/Views/categoria/show.php on line 10.
 1 APPPATH/Views/categoria/show.php(10): CodeIgniter\Debug\Exceptions->errorHandler()
 2 SYSTEMPATH/View/View.php(213): include('APPPATH/Views/categoria/show.php')
 3 SYSTEMPATH/View/View.php(216): CodeIgniter\View\View->CodeIgniter\View\{closure}()
 4 SYSTEMPATH/Common.php(1184): CodeIgniter\View\View->render()
 5 APPPATH/Controllers/Categoria.php(35): view()
 6 SYSTEMPATH/CodeIgniter.php(934): App\Controllers\Categoria->show()
 7 SYSTEMPATH/CodeIgniter.php(499): CodeIgniter\CodeIgniter->runController()
 8 SYSTEMPATH/CodeIgniter.php(368): CodeIgniter\CodeIgniter->handleRequest()
 9 FCPATH/index.php(67): CodeIgniter\CodeIgniter->run()
10 SYSTEMPATH/Commands/Server/rewrite.php(47): require_once('FCPATH/index.php')
CRITICAL - 2023-03-14 14:02:22 --> Trying to access array offset on value of type null
in APPPATH/Views/categoria/show.php on line 10.
 1 APPPATH/Views/categoria/show.php(10): CodeIgniter\Debug\Exceptions->errorHandler()
 2 SYSTEMPATH/View/View.php(213): include('APPPATH/Views/categoria/show.php')
 3 SYSTEMPATH/View/View.php(216): CodeIgniter\View\View->CodeIgniter\View\{closure}()
 4 SYSTEMPATH/Common.php(1184): CodeIgniter\View\View->render()
 5 APPPATH/Controllers/Categoria.php(35): view()
 6 SYSTEMPATH/CodeIgniter.php(934): App\Controllers\Categoria->show()
 7 SYSTEMPATH/CodeIgniter.php(499): CodeIgniter\CodeIgniter->runController()
 8 SYSTEMPATH/CodeIgniter.php(368): CodeIgniter\CodeIgniter->handleRequest()
 9 FCPATH/index.php(67): CodeIgniter\CodeIgniter->run()
10 SYSTEMPATH/Commands/Server/rewrite.php(47): require_once('FCPATH/index.php')
