CRITICAL - 2023-03-13 13:05:57 --> The framework needs the following extension(s) installed and loaded: "mbstring".
in SYSTEMPATH/CodeIgniter.php on line 226.
 1 SYSTEMPATH/CodeIgniter.php(226): CodeIgniter\Exceptions\FrameworkException::forMissingExtension()
 2 SYSTEMPATH/CodeIgniter.php(190): CodeIgniter\CodeIgniter->resolvePlatformExtensions()
 3 ROOTPATH/spark(83): CodeIgniter\CodeIgniter->initialize()
CRITICAL - 2023-03-13 13:05:57 --> Uncaught Error: Call to undefined function CodeIgniter\CLI\mb_strpos() in /opt/lampp/htdocs/codeigniter4/system/CLI/CLI.php:872
Stack trace:
#0 /opt/lampp/htdocs/codeigniter4/system/CLI/CLI.php(161): CodeIgniter\CLI\CLI::parseCommandLine()
#1 /opt/lampp/htdocs/codeigniter4/system/CLI/CLI.php(1115): CodeIgniter\CLI\CLI::init()
#2 /opt/lampp/htdocs/codeigniter4/system/Autoloader/Autoloader.php(312): include_once('...')
#3 /opt/lampp/htdocs/codeigniter4/system/Autoloader/Autoloader.php(289): CodeIgniter\Autoloader\Autoloader->includeFile()
#4 /opt/lampp/htdocs/codeigniter4/system/Autoloader/Autoloader.php(267): CodeIgniter\Autoloader\Autoloader->loadInNamespace()
#5 /opt/lampp/htdocs/codeigniter4/app/Views/errors/cli/error_exception.php(6): CodeIgniter\Autoloader\Autoloader->loadClass()
#6 /opt/lampp/htdocs/codeigniter4/app/Views/errors/cli/production.php(5): include('...')
#7 /opt/lampp/htdocs/codeigniter4/system/Debug/Exceptions.php(277): include('...')
#8 /opt/lampp/htdocs/codeigniter4/system/Debug/Exceptions.php(280): CodeIgniter\Debug\Exceptions->CodeIgniter\Debug\{closure}()
#9 /opt/lampp/htdocs/codeigniter4/system/Debug/Exceptions.php(151): CodeIgniter\Debug\Exceptions->render()
#10 [internal function]: CodeIgniter\Debug\Exceptions->exceptionHandler()
#11 {main}
  thrown
ã€Previous Exceptionã€‘
CodeIgniter\Exceptions\FrameworkException
The framework needs the following extension(s) installed and loaded: "mbstring".
#0 /opt/lampp/htdocs/codeigniter4/system/CodeIgniter.php(226): CodeIgniter\Exceptions\FrameworkException::forMissingExtension()
#1 /opt/lampp/htdocs/codeigniter4/system/CodeIgniter.php(190): CodeIgniter\CodeIgniter->resolvePlatformExtensions()
#2 /opt/lampp/htdocs/codeigniter4/spark(83): CodeIgniter\CodeIgniter->initialize()
#3 {main}
in SYSTEMPATH/CLI/CLI.php on line 872.
 1 [internal function]: CodeIgniter\Debug\Exceptions->shutdownHandler()
CRITICAL - 2023-03-13 13:06:53 --> The framework needs the following extension(s) installed and loaded: "mbstring".
in SYSTEMPATH/CodeIgniter.php on line 226.
 1 SYSTEMPATH/CodeIgniter.php(226): CodeIgniter\Exceptions\FrameworkException::forMissingExtension()
 2 SYSTEMPATH/CodeIgniter.php(190): CodeIgniter\CodeIgniter->resolvePlatformExtensions()
 3 ROOTPATH/spark(83): CodeIgniter\CodeIgniter->initialize()
CRITICAL - 2023-03-13 13:09:11 --> The framework needs the following extension(s) installed and loaded: "mbstring".
in SYSTEMPATH/CodeIgniter.php on line 226.
 1 SYSTEMPATH/CodeIgniter.php(226): CodeIgniter\Exceptions\FrameworkException::forMissingExtension()
 2 SYSTEMPATH/CodeIgniter.php(190): CodeIgniter\CodeIgniter->resolvePlatformExtensions()
 3 ROOTPATH/spark(83): CodeIgniter\CodeIgniter->initialize()
CRITICAL - 2023-03-13 13:11:49 --> The framework needs the following extension(s) installed and loaded: "mbstring".
in SYSTEMPATH/CodeIgniter.php on line 226.
 1 SYSTEMPATH/CodeIgniter.php(226): CodeIgniter\Exceptions\FrameworkException::forMissingExtension()
 2 SYSTEMPATH/CodeIgniter.php(190): CodeIgniter\CodeIgniter->resolvePlatformExtensions()
 3 ROOTPATH/spark(83): CodeIgniter\CodeIgniter->initialize()
CRITICAL - 2023-03-13 12:30:10 --> syntax error, unexpected token "return"
in APPPATH/Controllers/Home.php on line 10.
 1 SYSTEMPATH/Autoloader/Autoloader.php(289): CodeIgniter\Autoloader\Autoloader->includeFile()
 2 SYSTEMPATH/Autoloader/Autoloader.php(267): CodeIgniter\Autoloader\Autoloader->loadInNamespace()
 3 [internal function]: CodeIgniter\Autoloader\Autoloader->loadClass()
 4 SYSTEMPATH/CodeIgniter.php(892): class_exists()
 5 SYSTEMPATH/CodeIgniter.php(486): CodeIgniter\CodeIgniter->startController()
 6 SYSTEMPATH/CodeIgniter.php(368): CodeIgniter\CodeIgniter->handleRequest()
 7 FCPATH/index.php(67): CodeIgniter\CodeIgniter->run()
 8 SYSTEMPATH/Commands/Server/rewrite.php(47): require_once('FCPATH/index.php')
CRITICAL - 2023-03-13 12:36:04 --> syntax error, unexpected token "return"
in APPPATH/Controllers/Home.php on line 10.
 1 SYSTEMPATH/Autoloader/Autoloader.php(289): CodeIgniter\Autoloader\Autoloader->includeFile()
 2 SYSTEMPATH/Autoloader/Autoloader.php(267): CodeIgniter\Autoloader\Autoloader->loadInNamespace()
 3 [internal function]: CodeIgniter\Autoloader\Autoloader->loadClass()
 4 SYSTEMPATH/CodeIgniter.php(892): class_exists()
 5 SYSTEMPATH/CodeIgniter.php(486): CodeIgniter\CodeIgniter->startController()
 6 SYSTEMPATH/CodeIgniter.php(368): CodeIgniter\CodeIgniter->handleRequest()
 7 FCPATH/index.php(67): CodeIgniter\CodeIgniter->run()
 8 SYSTEMPATH/Commands/Server/rewrite.php(47): require_once('FCPATH/index.php')
CRITICAL - 2023-03-13 12:53:23 --> syntax error, unexpected token "return"
in APPPATH/Controllers/Home.php on line 10.
 1 SYSTEMPATH/Autoloader/Autoloader.php(289): CodeIgniter\Autoloader\Autoloader->includeFile()
 2 SYSTEMPATH/Autoloader/Autoloader.php(267): CodeIgniter\Autoloader\Autoloader->loadInNamespace()
 3 [internal function]: CodeIgniter\Autoloader\Autoloader->loadClass()
 4 SYSTEMPATH/CodeIgniter.php(892): class_exists()
 5 SYSTEMPATH/CodeIgniter.php(486): CodeIgniter\CodeIgniter->startController()
 6 SYSTEMPATH/CodeIgniter.php(368): CodeIgniter\CodeIgniter->handleRequest()
 7 FCPATH/index.php(67): CodeIgniter\CodeIgniter->run()
 8 SYSTEMPATH/Commands/Server/rewrite.php(47): require_once('FCPATH/index.php')
CRITICAL - 2023-03-13 13:56:07 --> Undefined variable $router
in APPPATH/Config/Routes.php on line 19.
 1 APPPATH/Config/Routes.php(19): CodeIgniter\Debug\Exceptions->errorHandler()
 2 SYSTEMPATH/Router/RouteCollection.php(267): require('APPPATH/Config/Routes.php')
 3 SYSTEMPATH/CodeIgniter.php(802): CodeIgniter\Router\RouteCollection->loadRoutes()
 4 SYSTEMPATH/CodeIgniter.php(449): CodeIgniter\CodeIgniter->tryToRouteIt()
 5 SYSTEMPATH/CodeIgniter.php(368): CodeIgniter\CodeIgniter->handleRequest()
 6 FCPATH/index.php(67): CodeIgniter\CodeIgniter->run()
 7 SYSTEMPATH/Commands/Server/rewrite.php(47): require_once('FCPATH/index.php')
CRITICAL - 2023-03-13 13:57:00 --> Too few arguments to function App\Controllers\Home::update(), 0 passed in /opt/lampp/htdocs/codeigniter4/system/CodeIgniter.php on line 934 and exactly 1 expected
in APPPATH/Controllers/Home.php on line 12.
 1 SYSTEMPATH/CodeIgniter.php(934): App\Controllers\Home->update()
 2 SYSTEMPATH/CodeIgniter.php(499): CodeIgniter\CodeIgniter->runController()
 3 SYSTEMPATH/CodeIgniter.php(368): CodeIgniter\CodeIgniter->handleRequest()
 4 FCPATH/index.php(67): CodeIgniter\CodeIgniter->run()
 5 SYSTEMPATH/Commands/Server/rewrite.php(47): require_once('FCPATH/index.php')
CRITICAL - 2023-03-13 13:57:27 --> Too few arguments to function App\Controllers\Home::update(), 0 passed in /opt/lampp/htdocs/codeigniter4/system/CodeIgniter.php on line 934 and exactly 1 expected
in APPPATH/Controllers/Home.php on line 12.
 1 SYSTEMPATH/CodeIgniter.php(934): App\Controllers\Home->update()
 2 SYSTEMPATH/CodeIgniter.php(499): CodeIgniter\CodeIgniter->runController()
 3 SYSTEMPATH/CodeIgniter.php(368): CodeIgniter\CodeIgniter->handleRequest()
 4 FCPATH/index.php(67): CodeIgniter\CodeIgniter->run()
 5 SYSTEMPATH/Commands/Server/rewrite.php(47): require_once('FCPATH/index.php')
CRITICAL - 2023-03-13 14:26:51 --> Undefined variable $router
in APPPATH/Config/Routes.php on line 19.
 1 APPPATH/Config/Routes.php(19): CodeIgniter\Debug\Exceptions->errorHandler()
 2 SYSTEMPATH/Router/RouteCollection.php(267): require('APPPATH/Config/Routes.php')
 3 SYSTEMPATH/CodeIgniter.php(802): CodeIgniter\Router\RouteCollection->loadRoutes()
 4 SYSTEMPATH/CodeIgniter.php(449): CodeIgniter\CodeIgniter->tryToRouteIt()
 5 SYSTEMPATH/CodeIgniter.php(368): CodeIgniter\CodeIgniter->handleRequest()
 6 FCPATH/index.php(67): CodeIgniter\CodeIgniter->run()
 7 SYSTEMPATH/Commands/Server/rewrite.php(47): require_once('FCPATH/index.php')
CRITICAL - 2023-03-13 14:26:55 --> Undefined variable $router
in APPPATH/Config/Routes.php on line 19.
 1 APPPATH/Config/Routes.php(19): CodeIgniter\Debug\Exceptions->errorHandler()
 2 SYSTEMPATH/Router/RouteCollection.php(267): require('APPPATH/Config/Routes.php')
 3 SYSTEMPATH/CodeIgniter.php(802): CodeIgniter\Router\RouteCollection->loadRoutes()
 4 SYSTEMPATH/CodeIgniter.php(449): CodeIgniter\CodeIgniter->tryToRouteIt()
 5 SYSTEMPATH/CodeIgniter.php(368): CodeIgniter\CodeIgniter->handleRequest()
 6 FCPATH/index.php(67): CodeIgniter\CodeIgniter->run()
 7 SYSTEMPATH/Commands/Server/rewrite.php(47): require_once('FCPATH/index.php')
CRITICAL - 2023-03-13 14:36:19 --> syntax error, unexpected single-quoted string "nombreVariableVista", expecting "]"
in APPPATH/Controllers/Pelicula.php on line 10.
 1 SYSTEMPATH/Autoloader/Autoloader.php(289): CodeIgniter\Autoloader\Autoloader->includeFile()
 2 SYSTEMPATH/Autoloader/Autoloader.php(267): CodeIgniter\Autoloader\Autoloader->loadInNamespace()
 3 [internal function]: CodeIgniter\Autoloader\Autoloader->loadClass()
 4 SYSTEMPATH/CodeIgniter.php(892): class_exists()
 5 SYSTEMPATH/CodeIgniter.php(486): CodeIgniter\CodeIgniter->startController()
 6 SYSTEMPATH/CodeIgniter.php(368): CodeIgniter\CodeIgniter->handleRequest()
 7 FCPATH/index.php(67): CodeIgniter\CodeIgniter->run()
 8 SYSTEMPATH/Commands/Server/rewrite.php(47): require_once('FCPATH/index.php')
CRITICAL - 2023-03-13 15:13:01 --> Undefined constant "CodeIgniter\Database\MySQLi\MYSQLI_STORE_RESULT"
in SYSTEMPATH/Database/Database.php on line 139.
 1 SYSTEMPATH/Database/Database.php(56): CodeIgniter\Database\Database->initDriver()
 2 SYSTEMPATH/Database/Config.php(82): CodeIgniter\Database\Database->load()
 3 SYSTEMPATH/Common.php(362): CodeIgniter\Database\Config::connect()
 4 SYSTEMPATH/Database/MigrationRunner.php(151): db_connect()
 5 SYSTEMPATH/Config/Services.php(411): CodeIgniter\Database\MigrationRunner->__construct()
 6 SYSTEMPATH/Config/BaseService.php(252): CodeIgniter\Config\Services::migrations()
 7 SYSTEMPATH/Config/BaseService.php(193): CodeIgniter\Config\BaseService::__callStatic()
 8 SYSTEMPATH/Config/Services.php(406): CodeIgniter\Config\BaseService::getSharedInstance()
 9 SYSTEMPATH/Config/BaseService.php(252): CodeIgniter\Config\Services::migrations()
10 SYSTEMPATH/Commands/Database/Migrate.php(69): CodeIgniter\Config\BaseService::__callStatic()
11 SYSTEMPATH/CLI/Commands.php(65): CodeIgniter\Commands\Database\Migrate->run()
12 SYSTEMPATH/CLI/Console.php(37): CodeIgniter\CLI\Commands->run()
13 ROOTPATH/spark(97): CodeIgniter\CLI\Console->run()
CRITICAL - 2023-03-13 15:16:01 --> Undefined constant "CodeIgniter\Database\MySQLi\MYSQLI_STORE_RESULT"
in SYSTEMPATH/Database/Database.php on line 139.
 1 SYSTEMPATH/Database/Database.php(56): CodeIgniter\Database\Database->initDriver()
 2 SYSTEMPATH/Database/Config.php(82): CodeIgniter\Database\Database->load()
 3 SYSTEMPATH/Common.php(362): CodeIgniter\Database\Config::connect()
 4 SYSTEMPATH/Database/MigrationRunner.php(151): db_connect()
 5 SYSTEMPATH/Config/Services.php(411): CodeIgniter\Database\MigrationRunner->__construct()
 6 SYSTEMPATH/Config/BaseService.php(252): CodeIgniter\Config\Services::migrations()
 7 SYSTEMPATH/Config/BaseService.php(193): CodeIgniter\Config\BaseService::__callStatic()
 8 SYSTEMPATH/Config/Services.php(406): CodeIgniter\Config\BaseService::getSharedInstance()
 9 SYSTEMPATH/Config/BaseService.php(252): CodeIgniter\Config\Services::migrations()
10 SYSTEMPATH/Commands/Database/Migrate.php(69): CodeIgniter\Config\BaseService::__callStatic()
11 SYSTEMPATH/CLI/Commands.php(65): CodeIgniter\Commands\Database\Migrate->run()
12 SYSTEMPATH/CLI/Console.php(37): CodeIgniter\CLI\Commands->run()
13 ROOTPATH/spark(97): CodeIgniter\CLI\Console->run()
CRITICAL - 2023-03-13 15:18:52 --> Undefined constant "CodeIgniter\Database\MySQLi\MYSQLI_STORE_RESULT"
in SYSTEMPATH/Database/Database.php on line 139.
 1 SYSTEMPATH/Database/Database.php(56): CodeIgniter\Database\Database->initDriver()
 2 SYSTEMPATH/Database/Config.php(82): CodeIgniter\Database\Database->load()
 3 SYSTEMPATH/Common.php(362): CodeIgniter\Database\Config::connect()
 4 SYSTEMPATH/Database/MigrationRunner.php(151): db_connect()
 5 SYSTEMPATH/Config/Services.php(411): CodeIgniter\Database\MigrationRunner->__construct()
 6 SYSTEMPATH/Config/BaseService.php(252): CodeIgniter\Config\Services::migrations()
 7 SYSTEMPATH/Config/BaseService.php(193): CodeIgniter\Config\BaseService::__callStatic()
 8 SYSTEMPATH/Config/Services.php(406): CodeIgniter\Config\BaseService::getSharedInstance()
 9 SYSTEMPATH/Config/BaseService.php(252): CodeIgniter\Config\Services::migrations()
10 SYSTEMPATH/Commands/Database/Migrate.php(69): CodeIgniter\Config\BaseService::__callStatic()
11 SYSTEMPATH/CLI/Commands.php(65): CodeIgniter\Commands\Database\Migrate->run()
12 SYSTEMPATH/CLI/Console.php(37): CodeIgniter\CLI\Commands->run()
13 ROOTPATH/spark(97): CodeIgniter\CLI\Console->run()
CRITICAL - 2023-03-13 15:26:13 --> Undefined constant "CodeIgniter\Database\MySQLi\MYSQLI_STORE_RESULT"
in SYSTEMPATH/Database/Database.php on line 139.
 1 SYSTEMPATH/Database/Database.php(56): CodeIgniter\Database\Database->initDriver()
 2 SYSTEMPATH/Database/Config.php(82): CodeIgniter\Database\Database->load()
 3 SYSTEMPATH/Common.php(362): CodeIgniter\Database\Config::connect()
 4 SYSTEMPATH/Database/MigrationRunner.php(151): db_connect()
 5 SYSTEMPATH/Config/Services.php(411): CodeIgniter\Database\MigrationRunner->__construct()
 6 SYSTEMPATH/Config/BaseService.php(252): CodeIgniter\Config\Services::migrations()
 7 SYSTEMPATH/Config/BaseService.php(193): CodeIgniter\Config\BaseService::__callStatic()
 8 SYSTEMPATH/Config/Services.php(406): CodeIgniter\Config\BaseService::getSharedInstance()
 9 SYSTEMPATH/Config/BaseService.php(252): CodeIgniter\Config\Services::migrations()
10 SYSTEMPATH/Commands/Database/Migrate.php(69): CodeIgniter\Config\BaseService::__callStatic()
11 SYSTEMPATH/CLI/Commands.php(65): CodeIgniter\Commands\Database\Migrate->run()
12 SYSTEMPATH/CLI/Console.php(37): CodeIgniter\CLI\Commands->run()
13 ROOTPATH/spark(97): CodeIgniter\CLI\Console->run()
CRITICAL - 2023-03-13 15:27:40 --> Undefined constant "CodeIgniter\Database\MySQLi\MYSQLI_STORE_RESULT"
in SYSTEMPATH/Database/Database.php on line 139.
 1 SYSTEMPATH/Database/Database.php(56): CodeIgniter\Database\Database->initDriver()
 2 SYSTEMPATH/Database/Config.php(82): CodeIgniter\Database\Database->load()
 3 SYSTEMPATH/Common.php(362): CodeIgniter\Database\Config::connect()
 4 SYSTEMPATH/Database/MigrationRunner.php(151): db_connect()
 5 SYSTEMPATH/Config/Services.php(411): CodeIgniter\Database\MigrationRunner->__construct()
 6 SYSTEMPATH/Config/BaseService.php(252): CodeIgniter\Config\Services::migrations()
 7 SYSTEMPATH/Config/BaseService.php(193): CodeIgniter\Config\BaseService::__callStatic()
 8 SYSTEMPATH/Config/Services.php(406): CodeIgniter\Config\BaseService::getSharedInstance()
 9 SYSTEMPATH/Config/BaseService.php(252): CodeIgniter\Config\Services::migrations()
10 SYSTEMPATH/Commands/Database/Migrate.php(69): CodeIgniter\Config\BaseService::__callStatic()
11 SYSTEMPATH/CLI/Commands.php(65): CodeIgniter\Commands\Database\Migrate->run()
12 SYSTEMPATH/CLI/Console.php(37): CodeIgniter\CLI\Commands->run()
13 ROOTPATH/spark(97): CodeIgniter\CLI\Console->run()
CRITICAL - 2023-03-13 15:28:30 --> Undefined constant "CodeIgniter\Database\MySQLi\MYSQLI_STORE_RESULT"
in SYSTEMPATH/Database/Database.php on line 139.
 1 SYSTEMPATH/Database/Database.php(56): CodeIgniter\Database\Database->initDriver()
 2 SYSTEMPATH/Database/Config.php(82): CodeIgniter\Database\Database->load()
 3 SYSTEMPATH/Common.php(362): CodeIgniter\Database\Config::connect()
 4 SYSTEMPATH/Database/MigrationRunner.php(151): db_connect()
 5 SYSTEMPATH/Config/Services.php(411): CodeIgniter\Database\MigrationRunner->__construct()
 6 SYSTEMPATH/Config/BaseService.php(252): CodeIgniter\Config\Services::migrations()
 7 SYSTEMPATH/Config/BaseService.php(193): CodeIgniter\Config\BaseService::__callStatic()
 8 SYSTEMPATH/Config/Services.php(406): CodeIgniter\Config\BaseService::getSharedInstance()
 9 SYSTEMPATH/Config/BaseService.php(252): CodeIgniter\Config\Services::migrations()
10 SYSTEMPATH/Commands/Database/Migrate.php(69): CodeIgniter\Config\BaseService::__callStatic()
11 SYSTEMPATH/CLI/Commands.php(65): CodeIgniter\Commands\Database\Migrate->run()
12 SYSTEMPATH/CLI/Console.php(37): CodeIgniter\CLI\Commands->run()
13 ROOTPATH/spark(97): CodeIgniter\CLI\Console->run()
